{"numTotalTestSuites":353,"numPassedTestSuites":353,"numFailedTestSuites":0,"numPendingTestSuites":0,"numTotalTests":1356,"numPassedTests":1356,"numFailedTests":0,"numPendingTests":0,"numTodoTests":0,"snapshot":{"added":0,"failure":false,"filesAdded":0,"filesRemoved":0,"filesRemovedList":[],"filesUnmatched":0,"filesUpdated":0,"matched":0,"total":0,"unchecked":0,"uncheckedKeysByFile":[],"unmatched":0,"updated":0,"didUpdate":false},"startTime":1783030365034,"success":true,"testResults":[{"assertionResults":[{"ancestorTitles":["Affect insight UI"],"fullName":"Affect insight UI renders section metrics, wave, evidence, and production notes","status":"passed","title":"renders section metrics, wave, evidence, and production notes","duration":317.63219999999956,"failureMessages":[],"meta":{},"tags":[]},{"ancestorTitles":["Affect insight UI"],"fullName":"Affect insight UI renders affect deltas inside the version diff viewer","status":"passed","title":"renders affect deltas inside the version diff viewer","duration":86.73149999999987,"failureMessages":[],"meta":{},"tags":[]}],"startTime":1783030369158,"endTime":1783030369562.7314,"status":"passed","message":"","name":"C:/Users/ryo-n/Codex_dev/LyricLytic/src/test/AffectMetricsPanel.test.tsx"},{"assertionResults":[{"ancestorTitles":["API Client","error handling"],"fullName":"API Client error handling should wrap errors with command name","status":"passed","title":"should wrap errors with command name","duration":5.292699999999968,"failureMessages":[],"meta":{},"tags":[]},{"ancestorTitles":["API Client","error handling"],"fullName":"API Client error handling should handle non-Error throws","status":"passed","title":"should handle non-Error throws","duration":0.7570000000000618,"failureMessages":[],"meta":{},"tags":[]},{"ancestorTitles":["API Client","mock support"],"fullName":"API Client mock support should use window.__TAURI_MOCK__ when available","status":"passed","title":"should use window.__TAURI_MOCK__ when available","duration":4.681300000000192,"failureMessages":[],"meta":{},"tags":[]},{"ancestorTitles":["API Client","Projects API","getProjects"],"fullName":"API Client Projects API getProjects should call get_projects command","status":"passed","title":"should call get_projects command","duration":0.624000000000251,"failureMessages":[],"meta":{},"tags":[]},{"ancestorTitles":["API Client","Projects API","createProject"],"fullName":"API Client Projects API createProject should call create_project with input","status":"passed","title":"should call create_project with input","duration":1.0340000000001055,"failureMessages":[],"meta":{},"tags":[]},{"ancestorTitles":["API Client","Projects API","getProject"],"fullName":"API Client Projects API getProject should call get_project with projectId","status":"passed","title":"should call get_project with projectId","duration":0.4734000000003107,"failureMessages":[],"meta":{},"tags":[]},{"ancestorTitles":["API Client","Projects API","updateProject"],"fullName":"API Client Projects API updateProject should call update_project with projectId and input","status":"passed","title":"should call update_project with projectId and input","duration":0.6725000000001273,"failureMessages":[],"meta":{},"tags":[]},{"ancestorTitles":["API Client","Projects API","deleteProject"],"fullName":"API Client Projects API deleteProject should call delete_project with projectId","status":"passed","title":"should call delete_project with projectId","duration":0.421100000000024,"failureMessages":[],"meta":{},"tags":[]},{"ancestorTitles":["API Client","Drafts API","getWorkingDraft"],"fullName":"API Client Drafts API getWorkingDraft should call get_working_draft with projectId","status":"passed","title":"should call get_working_draft with projectId","duration":0.7597000000000662,"failureMessages":[],"meta":{},"tags":[]},{"ancestorTitles":["API Client","Drafts API","getWorkingDraft"],"fullName":"API Client Drafts API getWorkingDraft should return null when no draft exists","status":"passed","title":"should return null when no draft exists","duration":0.4980999999997948,"failureMessages":[],"meta":{},"tags":[]},{"ancestorTitles":["API Client","Drafts API","getDraftSections"],"fullName":"API Client Drafts API getDraftSections should call get_draft_sections with workingDraftId","status":"passed","title":"should call get_draft_sections with workingDraftId","duration":1.2151000000003478,"failureMessages":[],"meta":{},"tags":[]},{"ancestorTitles":["API Client","Drafts API","saveDraft"],"fullName":"API Client Drafts API saveDraft should call save_draft with input","status":"passed","title":"should call save_draft with input","duration":8.529899999999998,"failureMessages":[],"meta":{},"tags":[]},{"ancestorTitles":["API Client","Versions API","getVersions"],"fullName":"API Client Versions API getVersions should call get_versions with projectId","status":"passed","title":"should call get_versions with projectId","duration":12.80029999999988,"failureMessages":[],"meta":{},"tags":[]},{"ancestorTitles":["API Client","Versions API","createVersion"],"fullName":"API Client Versions API createVersion should call create_version with input","status":"passed","title":"should call create_version with input","duration":0.6424000000001797,"failureMessages":[],"meta":{},"tags":[]},{"ancestorTitles":["API Client","Versions API","deleteVersion"],"fullName":"API Client Versions API deleteVersion should call delete_version with lyricVersionId","status":"passed","title":"should call delete_version with lyricVersionId","duration":0.40599999999994907,"failureMessages":[],"meta":{},"tags":[]},{"ancestorTitles":["API Client","Fragments API","getFragments"],"fullName":"API Client Fragments API getFragments should call get_fragments with projectId","status":"passed","title":"should call get_fragments with projectId","duration":0.46010000000023865,"failureMessages":[],"meta":{},"tags":[]},{"ancestorTitles":["API Client","Fragments API","createFragment"],"fullName":"API Client Fragments API createFragment should call create_fragment with input","status":"passed","title":"should call create_fragment with input","duration":0.36819999999988795,"failureMessages":[],"meta":{},"tags":[]},{"ancestorTitles":["API Client","Fragments API","deleteFragment"],"fullName":"API Client Fragments API deleteFragment should call delete_fragment with fragmentId","status":"passed","title":"should call delete_fragment with fragmentId","duration":0.2830999999996493,"failureMessages":[],"meta":{},"tags":[]},{"ancestorTitles":["API Client","Song Artifacts API","getSongArtifacts"],"fullName":"API Client Song Artifacts API getSongArtifacts should call get_song_artifacts with projectId","status":"passed","title":"should call get_song_artifacts with projectId","duration":0.3042000000000371,"failureMessages":[],"meta":{},"tags":[]},{"ancestorTitles":["API Client","Song Artifacts API","createSongArtifact"],"fullName":"API Client Song Artifacts API createSongArtifact should call create_song_artifact with input","status":"passed","title":"should call create_song_artifact with input","duration":0.3101999999998952,"failureMessages":[],"meta":{},"tags":[]},{"ancestorTitles":["API Client","Song Artifacts API","deleteSongArtifact"],"fullName":"API Client Song Artifacts API deleteSongArtifact should call delete_song_artifact with artifactId","status":"passed","title":"should call delete_song_artifact with artifactId","duration":0.2541000000001077,"failureMessages":[],"meta":{},"tags":[]},{"ancestorTitles":["API Client","Revision Notes API","getRevisionNotes"],"fullName":"API Client Revision Notes API getRevisionNotes should call get_revision_notes with lyricVersionId","status":"passed","title":"should call get_revision_notes with lyricVersionId","duration":0.282799999999952,"failureMessages":[],"meta":{},"tags":[]},{"ancestorTitles":["API Client","Revision Notes API","createRevisionNote"],"fullName":"API Client Revision Notes API createRevisionNote should call create_revision_note with input","status":"passed","title":"should call create_revision_note with input","duration":0.30490000000008877,"failureMessages":[],"meta":{},"tags":[]},{"ancestorTitles":["API Client","Revision Notes API","deleteRevisionNote"],"fullName":"API Client Revision Notes API deleteRevisionNote should call delete_revision_note with noteId","status":"passed","title":"should call delete_revision_note with noteId","duration":0.2595000000001164,"failureMessages":[],"meta":{},"tags":[]},{"ancestorTitles":["API Client","Style Profiles API","getStyleProfile"],"fullName":"API Client Style Profiles API getStyleProfile should call get_style_profile with projectId","status":"passed","title":"should call get_style_profile with projectId","duration":16.453100000000177,"failureMessages":[],"meta":{},"tags":[]},{"ancestorTitles":["API Client","Style Profiles API","getStyleProfile"],"fullName":"API Client Style Profiles API getStyleProfile should return null when no profile exists","status":"passed","title":"should return null when no profile exists","duration":0.2964999999999236,"failureMessages":[],"meta":{},"tags":[]},{"ancestorTitles":["API Client","Style Profiles API","createStyleProfile"],"fullName":"API Client Style Profiles API createStyleProfile should call create_style_profile with input","status":"passed","title":"should call create_style_profile with input","duration":0.8539000000000669,"failureMessages":[],"meta":{},"tags":[]},{"ancestorTitles":["API Client","Style Profiles API","updateStyleProfile"],"fullName":"API Client Style Profiles API updateStyleProfile should call update_style_profile with profileId and input","status":"passed","title":"should call update_style_profile with profileId and input","duration":5.022699999999986,"failureMessages":[],"meta":{},"tags":[]},{"ancestorTitles":["API Client","Style Profiles API","deleteStyleProfile"],"fullName":"API Client Style Profiles API deleteStyleProfile should call delete_style_profile with profileId","status":"passed","title":"should call delete_style_profile with profileId","duration":0.9597000000003391,"failureMessages":[],"meta":{},"tags":[]},{"ancestorTitles":["API Client","Export API","exportProject"],"fullName":"API Client Export API exportProject should call export_project with input","status":"passed","title":"should call export_project with input","duration":0.5621999999998479,"failureMessages":[],"meta":{},"tags":[]},{"ancestorTitles":["API Client","LLM Runtime API","startLlamaCppRuntime"],"fullName":"API Client LLM Runtime API startLlamaCppRuntime should call start_llama_cpp_runtime with input","status":"passed","title":"should call start_llama_cpp_runtime with input","duration":0.36959999999999127,"failureMessages":[],"meta":{},"tags":[]},{"ancestorTitles":["API Client","LLM Runtime API","stopLlamaCppRuntime"],"fullName":"API Client LLM Runtime API stopLlamaCppRuntime should call stop_llama_cpp_runtime","status":"passed","title":"should call stop_llama_cpp_runtime","duration":0.29419999999981883,"failureMessages":[],"meta":{},"tags":[]},{"ancestorTitles":["API Client","LLM Runtime API","getLlamaCppRuntimeStatus"],"fullName":"API Client LLM Runtime API getLlamaCppRuntimeStatus should call get_llama_cpp_runtime_status","status":"passed","title":"should call get_llama_cpp_runtime_status","duration":0.26969999999982974,"failureMessages":[],"meta":{},"tags":[]},{"ancestorTitles":["API Client","LLM Runtime API","detectLlamaCppExecutable"],"fullName":"API Client LLM Runtime API detectLlamaCppExecutable should call detect_llama_cpp_executable","status":"passed","title":"should call detect_llama_cpp_executable","duration":0.2984999999998763,"failureMessages":[],"meta":{},"tags":[]},{"ancestorTitles":["API Client","LLM Runtime API","analyzeRhymeText"],"fullName":"API Client LLM Runtime API analyzeRhymeText should call analyze_rhyme_text with text","status":"passed","title":"should call analyze_rhyme_text with text","duration":0.3188999999997577,"failureMessages":[],"meta":{},"tags":[]},{"ancestorTitles":["API Client","Trash API","getDeletedItems"],"fullName":"API Client Trash API getDeletedItems should call get_deleted_items","status":"passed","title":"should call get_deleted_items","duration":6.6293000000000575,"failureMessages":[],"meta":{},"tags":[]},{"ancestorTitles":["API Client","Trash API","getDeletedProjects"],"fullName":"API Client Trash API getDeletedProjects should call get_deleted_projects","status":"passed","title":"should call get_deleted_projects","duration":2.91800000000012,"failureMessages":[],"meta":{},"tags":[]},{"ancestorTitles":["API Client","Trash API","restoreProject"],"fullName":"API Client Trash API restoreProject should call restore_project with projectId and batchId","status":"passed","title":"should call restore_project with projectId and batchId","duration":40.386299999999665,"failureMessages":[],"meta":{},"tags":[]},{"ancestorTitles":["API Client","Trash API","restoreVersion"],"fullName":"API Client Trash API restoreVersion should call restore_version with lyricVersionId and batchId","status":"passed","title":"should call restore_version with lyricVersionId and batchId","duration":0.4238000000000284,"failureMessages":[],"meta":{},"tags":[]},{"ancestorTitles":["API Client","Trash API","restoreFragment"],"fullName":"API Client Trash API restoreFragment should call restore_fragment with fragmentId and batchId","status":"passed","title":"should call restore_fragment with fragmentId and batchId","duration":0.3506999999999607,"failureMessages":[],"meta":{},"tags":[]},{"ancestorTitles":["API Client","Trash API","restoreSongArtifact"],"fullName":"API Client Trash API restoreSongArtifact should call restore_song_artifact with artifactId and batchId","status":"passed","title":"should call restore_song_artifact with artifactId and batchId","duration":0.3526999999999134,"failureMessages":[],"meta":{},"tags":[]},{"ancestorTitles":["API Client","Trash API","restoreStyleProfile"],"fullName":"API Client Trash API restoreStyleProfile should call restore_style_profile with profileId and batchId","status":"passed","title":"should call restore_style_profile with profileId and batchId","duration":0.31009999999969295,"failureMessages":[],"meta":{},"tags":[]},{"ancestorTitles":["API Client","Trash API","permanentlyDeleteProject"],"fullName":"API Client Trash API permanentlyDeleteProject should call permanently_delete_project","status":"passed","title":"should call permanently_delete_project","duration":0.2541999999998552,"failureMessages":[],"meta":{},"tags":[]},{"ancestorTitles":["API Client","Trash API","permanentlyDeleteVersion"],"fullName":"API Client Trash API permanentlyDeleteVersion should call permanently_delete_version","status":"passed","title":"should call permanently_delete_version","duration":9.376200000000154,"failureMessages":[],"meta":{},"tags":[]},{"ancestorTitles":["API Client","Trash API","permanentlyDeleteFragment"],"fullName":"API Client Trash API permanentlyDeleteFragment should call permanently_delete_fragment","status":"passed","title":"should call permanently_delete_fragment","duration":0.6188999999999396,"failureMessages":[],"meta":{},"tags":[]},{"ancestorTitles":["API Client","Trash API","permanentlyDeleteSongArtifact"],"fullName":"API Client Trash API permanentlyDeleteSongArtifact should call permanently_delete_song_artifact","status":"passed","title":"should call permanently_delete_song_artifact","duration":0.29189999999971405,"failureMessages":[],"meta":{},"tags":[]},{"ancestorTitles":["API Client","Trash API","permanentlyDeleteStyleProfile"],"fullName":"API Client Trash API permanentlyDeleteStyleProfile should call permanently_delete_style_profile","status":"passed","title":"should call permanently_delete_style_profile","duration":0.26080000000001746,"failureMessages":[],"meta":{},"tags":[]},{"ancestorTitles":["API Client","Additional Version API tests","getVersion"],"fullName":"API Client Additional Version API tests getVersion should call get_version with lyricVersionId","status":"passed","title":"should call get_version with lyricVersionId","duration":0.3816999999999098,"failureMessages":[],"meta":{},"tags":[]},{"ancestorTitles":["API Client","Additional Version API tests","getVersionSections"],"fullName":"API Client Additional Version API tests getVersionSections should call get_version_sections with lyricVersionId","status":"passed","title":"should call get_version_sections with lyricVersionId","duration":0.3081999999999425,"failureMessages":[],"meta":{},"tags":[]},{"ancestorTitles":["API Client","Additional Fragment API tests","updateFragment"],"fullName":"API Client Additional Fragment API tests updateFragment should call update_fragment with fragmentId and input","status":"passed","title":"should call update_fragment with fragmentId and input","duration":0.3384000000000924,"failureMessages":[],"meta":{},"tags":[]}],"startTime":1783030376941,"endTime":1783030377076.3384,"status":"passed","message":"","name":"C:/Users/ryo-n/Codex_dev/LyricLytic/src/test/api-client.test.ts"},{"assertionResults":[{"ancestorTitles":["config.ts","LAYOUT constants"],"fullName":"config.ts LAYOUT constants should have valid left pane width constraints","status":"passed","title":"should have valid left pane width constraints","duration":2.8159999999998035,"failureMessages":[],"meta":{},"tags":[]},{"ancestorTitles":["config.ts","LAYOUT constants"],"fullName":"config.ts LAYOUT constants should have valid right pane width constraints","status":"passed","title":"should have valid right pane width constraints","duration":0.5393999999996595,"failureMessages":[],"meta":{},"tags":[]},{"ancestorTitles":["config.ts","LAYOUT constants"],"fullName":"config.ts LAYOUT constants should have valid section pane height constraints","status":"passed","title":"should have valid section pane height constraints","duration":0.36740000000008877,"failureMessages":[],"meta":{},"tags":[]},{"ancestorTitles":["config.ts","LAYOUT constants"],"fullName":"config.ts LAYOUT constants should be immutable (as const)","status":"passed","title":"should be immutable (as const)","duration":0.29710000000022774,"failureMessages":[],"meta":{},"tags":[]},{"ancestorTitles":["config.ts","EDITOR constants"],"fullName":"config.ts EDITOR constants should have valid ALL_SECTIONS_ID","status":"passed","title":"should have valid ALL_SECTIONS_ID","duration":0.315900000000056,"failureMessages":[],"meta":{},"tags":[]},{"ancestorTitles":["config.ts","EDITOR constants"],"fullName":"config.ts EDITOR constants should have reasonable auto-save debounce time","status":"passed","title":"should have reasonable auto-save debounce time","duration":0.3733999999999469,"failureMessages":[],"meta":{},"tags":[]},{"ancestorTitles":["config.ts","SECTION_PRESETS"],"fullName":"config.ts SECTION_PRESETS should have exactly 6 presets","status":"passed","title":"should have exactly 6 presets","duration":0.23660000000018044,"failureMessages":[],"meta":{},"tags":[]},{"ancestorTitles":["config.ts","SECTION_PRESETS"],"fullName":"config.ts SECTION_PRESETS should include all common song sections","status":"passed","title":"should include all common song sections","duration":1.554399999999987,"failureMessages":[],"meta":{},"tags":[]},{"ancestorTitles":["config.ts","SECTION_PRESETS"],"fullName":"config.ts SECTION_PRESETS should be in logical song order","status":"passed","title":"should be in logical song order","duration":0.4033999999996922,"failureMessages":[],"meta":{},"tags":[]},{"ancestorTitles":["config.ts","SECTION_PRESETS"],"fullName":"config.ts SECTION_PRESETS should be readonly array","status":"passed","title":"should be readonly array","duration":0.2998000000002321,"failureMessages":[],"meta":{},"tags":[]},{"ancestorTitles":["config.ts","COPY_OPTIONS defaults"],"fullName":"config.ts COPY_OPTIONS defaults should have include headings enabled by default","status":"passed","title":"should have include headings enabled by default","duration":0.19350000000031287,"failureMessages":[],"meta":{},"tags":[]},{"ancestorTitles":["config.ts","COPY_OPTIONS defaults"],"fullName":"config.ts COPY_OPTIONS defaults should preserve blank lines by default","status":"passed","title":"should preserve blank lines by default","duration":0.13519999999971333,"failureMessages":[],"meta":{},"tags":[]},{"ancestorTitles":["config.ts","COPY_OPTIONS defaults"],"fullName":"config.ts COPY_OPTIONS defaults should have unique storage key","status":"passed","title":"should have unique storage key","duration":0.15779999999995198,"failureMessages":[],"meta":{},"tags":[]},{"ancestorTitles":["config.ts","LLM_DEFAULTS"],"fullName":"config.ts LLM_DEFAULTS should have valid runtime","status":"passed","title":"should have valid runtime","duration":0.12600000000020373,"failureMessages":[],"meta":{},"tags":[]},{"ancestorTitles":["config.ts","LLM_DEFAULTS"],"fullName":"config.ts LLM_DEFAULTS should have localhost URL for OpenAI compatible","status":"passed","title":"should have localhost URL for OpenAI compatible","duration":0.11609999999973297,"failureMessages":[],"meta":{},"tags":[]},{"ancestorTitles":["config.ts","LLM_DEFAULTS"],"fullName":"config.ts LLM_DEFAULTS should have correct default port for OpenAI compatible","status":"passed","title":"should have correct default port for OpenAI compatible","duration":0.11009999999987485,"failureMessages":[],"meta":{},"tags":[]},{"ancestorTitles":["config.ts","LLM_DEFAULTS"],"fullName":"config.ts LLM_DEFAULTS should have reasonable timeout","status":"passed","title":"should have reasonable timeout","duration":0.12950000000000728,"failureMessages":[],"meta":{},"tags":[]},{"ancestorTitles":["config.ts","LLM_DEFAULTS"],"fullName":"config.ts LLM_DEFAULTS should have reasonable max tokens","status":"passed","title":"should have reasonable max tokens","duration":0.12950000000000728,"failureMessages":[],"meta":{},"tags":[]},{"ancestorTitles":["config.ts","LLM_DEFAULTS"],"fullName":"config.ts LLM_DEFAULTS should have valid temperature range","status":"passed","title":"should have valid temperature range","duration":0.1548000000002503,"failureMessages":[],"meta":{},"tags":[]},{"ancestorTitles":["config.ts","LLM_DEFAULTS"],"fullName":"config.ts LLM_DEFAULTS should have model name defined for OpenAI compatible","status":"passed","title":"should have model name defined for OpenAI compatible","duration":0.10370000000011714,"failureMessages":[],"meta":{},"tags":[]},{"ancestorTitles":["config.ts","EXPORT settings"],"fullName":"config.ts EXPORT settings should have correct file extension","status":"passed","title":"should have correct file extension","duration":0.16049999999995634,"failureMessages":[],"meta":{},"tags":[]},{"ancestorTitles":["config.ts","EXPORT settings"],"fullName":"config.ts EXPORT settings should have descriptive filter name","status":"passed","title":"should have descriptive filter name","duration":0.1366000000002714,"failureMessages":[],"meta":{},"tags":[]},{"ancestorTitles":["config.ts","STORAGE_KEYS"],"fullName":"config.ts STORAGE_KEYS should have unique keys for each storage item","status":"passed","title":"should have unique keys for each storage item","duration":0.12860000000000582,"failureMessages":[],"meta":{},"tags":[]},{"ancestorTitles":["config.ts","STORAGE_KEYS"],"fullName":"config.ts STORAGE_KEYS should all contain app prefix","status":"passed","title":"should all contain app prefix","duration":0.15619999999989886,"failureMessages":[],"meta":{},"tags":[]},{"ancestorTitles":["config.ts","STORAGE_KEYS"],"fullName":"config.ts STORAGE_KEYS should be lowercase with underscores","status":"passed","title":"should be lowercase with underscores","duration":0.15479999999979555,"failureMessages":[],"meta":{},"tags":[]},{"ancestorTitles":["config.ts","constant relationships"],"fullName":"config.ts constant relationships should have pane widths that allow reasonable UI layout","status":"passed","title":"should have pane widths that allow reasonable UI layout","duration":0.1149000000000342,"failureMessages":[],"meta":{},"tags":[]},{"ancestorTitles":["config.ts","constant relationships"],"fullName":"config.ts constant relationships should have timeout longer than auto-save debounce","status":"passed","title":"should have timeout longer than auto-save debounce","duration":0.10219999999981155,"failureMessages":[],"meta":{},"tags":[]}],"startTime":1783030378558,"endTime":1783030378569.115,"status":"passed","message":"","name":"C:/Users/ryo-n/Codex_dev/LyricLytic/src/test/config.test.ts"},{"assertionResults":[{"ancestorTitles":["countTrailingTokenMatches"],"fullName":"countTrailingTokenMatches should count matching trailing tokens","status":"passed","title":"should count matching trailing tokens","duration":2.4394999999999527,"failureMessages":[],"meta":{},"tags":[]},{"ancestorTitles":["countTrailingTokenMatches"],"fullName":"countTrailingTokenMatches should return 0 for no matches","status":"passed","title":"should return 0 for no matches","duration":0.30709999999999127,"failureMessages":[],"meta":{},"tags":[]},{"ancestorTitles":["countTrailingTokenMatches"],"fullName":"countTrailingTokenMatches should return full length for identical strings","status":"passed","title":"should return full length for identical strings","duration":0.26110000000016953,"failureMessages":[],"meta":{},"tags":[]},{"ancestorTitles":["countTrailingTokenMatches"],"fullName":"countTrailingTokenMatches should handle pipe characters","status":"passed","title":"should handle pipe characters","duration":0.2569000000003143,"failureMessages":[],"meta":{},"tags":[]},{"ancestorTitles":["countTrailingTokenMatches"],"fullName":"countTrailingTokenMatches should compare tokens after last pipe","status":"passed","title":"should compare tokens after last pipe","duration":0.2290000000002692,"failureMessages":[],"meta":{},"tags":[]},{"ancestorTitles":["countTrailingTokenMatches"],"fullName":"countTrailingTokenMatches should handle empty strings","status":"passed","title":"should handle empty strings","duration":0.2503999999998996,"failureMessages":[],"meta":{},"tags":[]},{"ancestorTitles":["countTrailingTokenMatches"],"fullName":"countTrailingTokenMatches should limit to 6 trailing tokens","status":"passed","title":"should limit to 6 trailing tokens","duration":0.22100000000000364,"failureMessages":[],"meta":{},"tags":[]},{"ancestorTitles":["countTrailingTokenMatches"],"fullName":"countTrailingTokenMatches should handle whitespace","status":"passed","title":"should handle whitespace","duration":0.23549999999977445,"failureMessages":[],"meta":{},"tags":[]}],"startTime":1783030378853,"endTime":1783030378857.2356,"status":"passed","message":"","name":"C:/Users/ryo-n/Codex_dev/LyricLytic/src/test/countTrailingTokenMatches.test.ts"},{"assertionResults":[{"ancestorTitles":["Editor utility functions","countRomanizedGuideUnits"],"fullName":"Editor utility functions countRomanizedGuideUnits should count tokens separated by spaces","status":"passed","title":"should count tokens separated by spaces","duration":2.8061000000002423,"failureMessages":[],"meta":{},"tags":[]},{"ancestorTitles":["Editor utility functions","countRomanizedGuideUnits"],"fullName":"Editor utility functions countRomanizedGuideUnits should exclude pipe characters","status":"passed","title":"should exclude pipe characters","duration":0.3317000000001826,"failureMessages":[],"meta":{},"tags":[]},{"ancestorTitles":["Editor utility functions","countRomanizedGuideUnits"],"fullName":"Editor utility functions countRomanizedGuideUnits should handle multiple pipes","status":"passed","title":"should handle multiple pipes","duration":0.25900000000001455,"failureMessages":[],"meta":{},"tags":[]},{"ancestorTitles":["Editor utility functions","countRomanizedGuideUnits"],"fullName":"Editor utility functions countRomanizedGuideUnits should handle empty string","status":"passed","title":"should handle empty string","duration":0.2563000000000102,"failureMessages":[],"meta":{},"tags":[]},{"ancestorTitles":["Editor utility functions","countRomanizedGuideUnits"],"fullName":"Editor utility functions countRomanizedGuideUnits should handle string with only pipes","status":"passed","title":"should handle string with only pipes","duration":0.2436999999999898,"failureMessages":[],"meta":{},"tags":[]},{"ancestorTitles":["Editor utility functions","countRomanizedGuideUnits"],"fullName":"Editor utility functions countRomanizedGuideUnits should handle string with only whitespace","status":"passed","title":"should handle string with only whitespace","duration":0.2017000000000735,"failureMessages":[],"meta":{},"tags":[]},{"ancestorTitles":["Editor utility functions","countRomanizedGuideUnits"],"fullName":"Editor utility functions countRomanizedGuideUnits should handle consecutive spaces","status":"passed","title":"should handle consecutive spaces","duration":0.19730000000026848,"failureMessages":[],"meta":{},"tags":[]},{"ancestorTitles":["Editor utility functions","buildLyricsOnlyBody"],"fullName":"Editor utility functions buildLyricsOnlyBody should extract bodyText from sections","status":"passed","title":"should extract bodyText from sections","duration":0.39049999999997453,"failureMessages":[],"meta":{},"tags":[]},{"ancestorTitles":["Editor utility functions","buildLyricsOnlyBody"],"fullName":"Editor utility functions buildLyricsOnlyBody should filter out empty bodyText","status":"passed","title":"should filter out empty bodyText","duration":0.276299999999992,"failureMessages":[],"meta":{},"tags":[]},{"ancestorTitles":["Editor utility functions","buildLyricsOnlyBody"],"fullName":"Editor utility functions buildLyricsOnlyBody should trim trailing whitespace from bodyText","status":"passed","title":"should trim trailing whitespace from bodyText","duration":0.3476999999998043,"failureMessages":[],"meta":{},"tags":[]},{"ancestorTitles":["Editor utility functions","buildLyricsOnlyBody"],"fullName":"Editor utility functions buildLyricsOnlyBody should return empty string for empty sections","status":"passed","title":"should return empty string for empty sections","duration":0.19830000000001746,"failureMessages":[],"meta":{},"tags":[]},{"ancestorTitles":["Editor utility functions","buildLyricsOnlyBody"],"fullName":"Editor utility functions buildLyricsOnlyBody should return empty string when all bodyText are empty","status":"passed","title":"should return empty string when all bodyText are empty","duration":0.19840000000021973,"failureMessages":[],"meta":{},"tags":[]},{"ancestorTitles":["Editor utility functions","buildLyricsOnlyBody"],"fullName":"Editor utility functions buildLyricsOnlyBody should join sections with double newline","status":"passed","title":"should join sections with double newline","duration":0.1574000000000524,"failureMessages":[],"meta":{},"tags":[]}],"startTime":1783030378521,"endTime":1783030378527.1985,"status":"passed","message":"","name":"C:/Users/ryo-n/Codex_dev/LyricLytic/src/test/editor-utils.test.ts"},{"assertionResults":[{"ancestorTitles":["Home page language tests","Japanese display"],"fullName":"Home page language tests Japanese display should display all UI elements in Japanese by default","status":"passed","title":"should display all UI elements in Japanese by default","duration":120.58619999999974,"failureMessages":[],"meta":{},"tags":[]},{"ancestorTitles":["Home page language tests","Japanese display"],"fullName":"Home page language tests Japanese display should show Japanese date format","status":"passed","title":"should show Japanese date format","duration":13.373000000000047,"failureMessages":[],"meta":{},"tags":[]},{"ancestorTitles":["Home page language tests","Japanese display"],"fullName":"Home page language tests Japanese display should show create form in Japanese","status":"passed","title":"should show create form in Japanese","duration":40.172000000000025,"failureMessages":[],"meta":{},"tags":[]},{"ancestorTitles":["Home page language tests","English display"],"fullName":"Home page language tests English display should display all UI elements in English","status":"passed","title":"should display all UI elements in English","duration":20.943700000000263,"failureMessages":[],"meta":{},"tags":[]},{"ancestorTitles":["Home page language tests","English display"],"fullName":"Home page language tests English display should show English date format","status":"passed","title":"should show English date format","duration":17.182999999999993,"failureMessages":[],"meta":{},"tags":[]},{"ancestorTitles":["Home page language tests","English display"],"fullName":"Home page language tests English display should show create form in English","status":"passed","title":"should show create form in English","duration":14.970299999999952,"failureMessages":[],"meta":{},"tags":[]},{"ancestorTitles":["Home page language tests","Language switching"],"fullName":"Home page language tests Language switching should update all text when language changes","status":"passed","title":"should update all text when language changes","duration":14.459499999999935,"failureMessages":[],"meta":{},"tags":[]},{"ancestorTitles":["Home page language tests","Project count display"],"fullName":"Home page language tests Project count display should show correct project count in Japanese","status":"passed","title":"should show correct project count in Japanese","duration":6.291900000000169,"failureMessages":[],"meta":{},"tags":[]},{"ancestorTitles":["Home page language tests","Project count display"],"fullName":"Home page language tests Project count display should show correct project count in English","status":"passed","title":"should show correct project count in English","duration":6.734200000000328,"failureMessages":[],"meta":{},"tags":[]},{"ancestorTitles":["Home page language tests","Subtitle translation"],"fullName":"Home page language tests Subtitle translation should show correct subtitle in Japanese","status":"passed","title":"should show correct subtitle in Japanese","duration":19.760400000000118,"failureMessages":[],"meta":{},"tags":[]},{"ancestorTitles":["Home page language tests","Subtitle translation"],"fullName":"Home page language tests Subtitle translation should show correct subtitle in English","status":"passed","title":"should show correct subtitle in English","duration":9.191800000000057,"failureMessages":[],"meta":{},"tags":[]}],"startTime":1783030368566,"endTime":1783030368851.192,"status":"passed","message":"","name":"C:/Users/ryo-n/Codex_dev/LyricLytic/src/test/Home.test.tsx"},{"assertionResults":[{"ancestorTitles":["Translation key coverage","Japanese translations"],"fullName":"Translation key coverage Japanese translations should have Japanese translation for key: appTitle","status":"passed","title":"should have Japanese translation for key: appTitle","duration":36.152100000000246,"failureMessages":[],"meta":{},"tags":[]},{"ancestorTitles":["Translation key coverage","Japanese translations"],"fullName":"Translation key coverage Japanese translations should have Japanese translation for key: subtitle","status":"passed","title":"should have Japanese translation for key: subtitle","duration":3.917200000000321,"failureMessages":[],"meta":{},"tags":[]},{"ancestorTitles":["Translation key coverage","Japanese translations"],"fullName":"Translation key coverage Japanese translations should have Japanese translation for key: projects","status":"passed","title":"should have Japanese translation for key: projects","duration":3.170300000000225,"failureMessages":[],"meta":{},"tags":[]},{"ancestorTitles":["Translation key coverage","Japanese translations"],"fullName":"Translation key coverage Japanese translations should have Japanese translation for key: newProject","status":"passed","title":"should have Japanese translation for key: newProject","duration":4.462100000000191,"failureMessages":[],"meta":{},"tags":[]},{"ancestorTitles":["Translation key coverage","Japanese translations"],"fullName":"Translation key coverage Japanese translations should have Japanese translation for key: projectTitle","status":"passed","title":"should have Japanese translation for key: projectTitle","duration":3.081000000000131,"failureMessages":[],"meta":{},"tags":[]},{"ancestorTitles":["Translation key coverage","Japanese translations"],"fullName":"Translation key coverage Japanese translations should have Japanese translation for key: create","status":"passed","title":"should have Japanese translation for key: create","duration":2.2672999999999774,"failureMessages":[],"meta":{},"tags":[]},{"ancestorTitles":["Translation key coverage","Japanese translations"],"fullName":"Translation key coverage Japanese translations should have Japanese translation for key: cancel","status":"passed","title":"should have Japanese translation for key: cancel","duration":2.0908000000003995,"failureMessages":[],"meta":{},"tags":[]},{"ancestorTitles":["Translation key coverage","Japanese translations"],"fullName":"Translation key coverage Japanese translations should have Japanese translation for key: loading","status":"passed","title":"should have Japanese translation for key: loading","duration":1.6319000000003143,"failureMessages":[],"meta":{},"tags":[]},{"ancestorTitles":["Translation key coverage","Japanese translations"],"fullName":"Translation key coverage Japanese translations should have Japanese translation for key: noProjects","status":"passed","title":"should have Japanese translation for key: noProjects","duration":15.742600000000039,"failureMessages":[],"meta":{},"tags":[]},{"ancestorTitles":["Translation key coverage","Japanese translations"],"fullName":"Translation key coverage Japanese translations should have Japanese translation for key: deleteProject","status":"passed","title":"should have Japanese translation for key: deleteProject","duration":4.278400000000147,"failureMessages":[],"meta":{},"tags":[]},{"ancestorTitles":["Translation key coverage","Japanese translations"],"fullName":"Translation key coverage Japanese translations should have Japanese translation for key: deleteConfirm","status":"passed","title":"should have Japanese translation for key: deleteConfirm","duration":2.1403000000000247,"failureMessages":[],"meta":{},"tags":[]},{"ancestorTitles":["Translation key coverage","Japanese translations"],"fullName":"Translation key coverage Japanese translations should have Japanese translation for key: deleteFailed","status":"passed","title":"should have Japanese translation for key: deleteFailed","duration":1.6169999999997344,"failureMessages":[],"meta":{},"tags":[]},{"ancestorTitles":["Translation key coverage","Japanese translations"],"fullName":"Translation key coverage Japanese translations should have Japanese translation for key: createFailed","status":"passed","title":"should have Japanese translation for key: createFailed","duration":2.245400000000245,"failureMessages":[],"meta":{},"tags":[]},{"ancestorTitles":["Translation key coverage","Japanese translations"],"fullName":"Translation key coverage Japanese translations should have Japanese translation for key: loadFailed","status":"passed","title":"should have Japanese translation for key: loadFailed","duration":1.903099999999995,"failureMessages":[],"meta":{},"tags":[]},{"ancestorTitles":["Translation key coverage","Japanese translations"],"fullName":"Translation key coverage Japanese translations should have Japanese translation for key: trash","status":"passed","title":"should have Japanese translation for key: trash","duration":1.2778000000002976,"failureMessages":[],"meta":{},"tags":[]},{"ancestorTitles":["Translation key coverage","Japanese translations"],"fullName":"Translation key coverage Japanese translations should have Japanese translation for key: deletedProjects","status":"passed","title":"should have Japanese translation for key: deletedProjects","duration":1.1231000000002496,"failureMessages":[],"meta":{},"tags":[]},{"ancestorTitles":["Translation key coverage","Japanese translations"],"fullName":"Translation key coverage Japanese translations should have Japanese translation for key: deletedItems","status":"passed","title":"should have Japanese translation for key: deletedItems","duration":1.0544999999997344,"failureMessages":[],"meta":{},"tags":[]},{"ancestorTitles":["Translation key coverage","Japanese translations"],"fullName":"Translation key coverage Japanese translations should have Japanese translation for key: noDeleted","status":"passed","title":"should have Japanese translation for key: noDeleted","duration":1.2343000000000757,"failureMessages":[],"meta":{},"tags":[]},{"ancestorTitles":["Translation key coverage","Japanese translations"],"fullName":"Translation key coverage Japanese translations should have Japanese translation for key: noDeletedItems","status":"passed","title":"should have Japanese translation for key: noDeletedItems","duration":1.199999999999818,"failureMessages":[],"meta":{},"tags":[]},{"ancestorTitles":["Translation key coverage","Japanese translations"],"fullName":"Translation key coverage Japanese translations should have Japanese translation for key: restore","status":"passed","title":"should have Japanese translation for key: restore","duration":1.0908999999996922,"failureMessages":[],"meta":{},"tags":[]},{"ancestorTitles":["Translation key coverage","Japanese translations"],"fullName":"Translation key coverage Japanese translations should have Japanese translation for key: deletedLabel","status":"passed","title":"should have Japanese translation for key: deletedLabel","duration":1.0634000000000015,"failureMessages":[],"meta":{},"tags":[]},{"ancestorTitles":["Translation key coverage","Japanese translations"],"fullName":"Translation key coverage Japanese translations should have Japanese translation for key: close","status":"passed","title":"should have Japanese translation for key: close","duration":1.2916000000000167,"failureMessages":[],"meta":{},"tags":[]},{"ancestorTitles":["Translation key coverage","Japanese translations"],"fullName":"Translation key coverage Japanese translations should have Japanese translation for key: more","status":"passed","title":"should have Japanese translation for key: more","duration":13.116899999999987,"failureMessages":[],"meta":{},"tags":[]},{"ancestorTitles":["Translation key coverage","Japanese translations"],"fullName":"Translation key coverage Japanese translations should have Japanese translation for key: footerText","status":"passed","title":"should have Japanese translation for key: footerText","duration":1.4742000000001099,"failureMessages":[],"meta":{},"tags":[]},{"ancestorTitles":["Translation key coverage","Japanese translations"],"fullName":"Translation key coverage Japanese translations should have Japanese translation for key: loadingProject","status":"passed","title":"should have Japanese translation for key: loadingProject","duration":1.388800000000174,"failureMessages":[],"meta":{},"tags":[]},{"ancestorTitles":["Translation key coverage","Japanese translations"],"fullName":"Translation key coverage Japanese translations should have Japanese translation for key: projectNotFound","status":"passed","title":"should have Japanese translation for key: projectNotFound","duration":3.8918000000003303,"failureMessages":[],"meta":{},"tags":[]},{"ancestorTitles":["Translation key coverage","Japanese translations"],"fullName":"Translation key coverage Japanese translations should have Japanese translation for key: autoSaveFailed","status":"passed","title":"should have Japanese translation for key: autoSaveFailed","duration":1.3802999999998065,"failureMessages":[],"meta":{},"tags":[]},{"ancestorTitles":["Translation key coverage","Japanese translations"],"fullName":"Translation key coverage Japanese translations should have Japanese translation for key: saveSnapshotFailed","status":"passed","title":"should have Japanese translation for key: saveSnapshotFailed","duration":1.7538000000004104,"failureMessages":[],"meta":{},"tags":[]},{"ancestorTitles":["Translation key coverage","Japanese translations"],"fullName":"Translation key coverage Japanese translations should have Japanese translation for key: language","status":"passed","title":"should have Japanese translation for key: language","duration":1.3342000000002372,"failureMessages":[],"meta":{},"tags":[]},{"ancestorTitles":["Translation key coverage","Japanese translations"],"fullName":"Translation key coverage Japanese translations should have Japanese translation for key: japanese","status":"passed","title":"should have Japanese translation for key: japanese","duration":1.222099999999955,"failureMessages":[],"meta":{},"tags":[]},{"ancestorTitles":["Translation key coverage","Japanese translations"],"fullName":"Translation key coverage Japanese translations should have Japanese translation for key: english","status":"passed","title":"should have Japanese translation for key: english","duration":1.2564000000002125,"failureMessages":[],"meta":{},"tags":[]},{"ancestorTitles":["Translation key coverage","English translations"],"fullName":"Translation key coverage English translations should have English translation for key: appTitle","status":"passed","title":"should have English translation for key: appTitle","duration":2.047299999999723,"failureMessages":[],"meta":{},"tags":[]},{"ancestorTitles":["Translation key coverage","English translations"],"fullName":"Translation key coverage English translations should have English translation for key: subtitle","status":"passed","title":"should have English translation for key: subtitle","duration":4.273499999999785,"failureMessages":[],"meta":{},"tags":[]},{"ancestorTitles":["Translation key coverage","English translations"],"fullName":"Translation key coverage English translations should have English translation for key: projects","status":"passed","title":"should have English translation for key: projects","duration":1.7340999999996711,"failureMessages":[],"meta":{},"tags":[]},{"ancestorTitles":["Translation key coverage","English translations"],"fullName":"Translation key coverage English translations should have English translation for key: newProject","status":"passed","title":"should have English translation for key: newProject","duration":1.4619000000002416,"failureMessages":[],"meta":{},"tags":[]},{"ancestorTitles":["Translation key coverage","English translations"],"fullName":"Translation key coverage English translations should have English translation for key: projectTitle","status":"passed","title":"should have English translation for key: projectTitle","duration":13.129699999999957,"failureMessages":[],"meta":{},"tags":[]},{"ancestorTitles":["Translation key coverage","English translations"],"fullName":"Translation key coverage English translations should have English translation for key: create","status":"passed","title":"should have English translation for key: create","duration":3.7831999999998516,"failureMessages":[],"meta":{},"tags":[]},{"ancestorTitles":["Translation key coverage","English translations"],"fullName":"Translation key coverage English translations should have English translation for key: cancel","status":"passed","title":"should have English translation for key: cancel","duration":2.1677999999997155,"failureMessages":[],"meta":{},"tags":[]},{"ancestorTitles":["Translation key coverage","English translations"],"fullName":"Translation key coverage English translations should have English translation for key: loading","status":"passed","title":"should have English translation for key: loading","duration":1.841899999999896,"failureMessages":[],"meta":{},"tags":[]},{"ancestorTitles":["Translation key coverage","English translations"],"fullName":"Translation key coverage English translations should have English translation for key: noProjects","status":"passed","title":"should have English translation for key: noProjects","duration":1.8975000000000364,"failureMessages":[],"meta":{},"tags":[]},{"ancestorTitles":["Translation key coverage","English translations"],"fullName":"Translation key coverage English translations should have English translation for key: deleteProject","status":"passed","title":"should have English translation for key: deleteProject","duration":1.4635000000002947,"failureMessages":[],"meta":{},"tags":[]},{"ancestorTitles":["Translation key coverage","English translations"],"fullName":"Translation key coverage English translations should have English translation for key: deleteConfirm","status":"passed","title":"should have English translation for key: deleteConfirm","duration":2.86830000000009,"failureMessages":[],"meta":{},"tags":[]},{"ancestorTitles":["Translation key coverage","English translations"],"fullName":"Translation key coverage English translations should have English translation for key: deleteFailed","status":"passed","title":"should have English translation for key: deleteFailed","duration":38.27230000000009,"failureMessages":[],"meta":{},"tags":[]},{"ancestorTitles":["Translation key coverage","English translations"],"fullName":"Translation key coverage English translations should have English translation for key: createFailed","status":"passed","title":"should have English translation for key: createFailed","duration":1.7963999999997213,"failureMessages":[],"meta":{},"tags":[]},{"ancestorTitles":["Translation key coverage","English translations"],"fullName":"Translation key coverage English translations should have English translation for key: loadFailed","status":"passed","title":"should have English translation for key: loadFailed","duration":1.3044999999997344,"failureMessages":[],"meta":{},"tags":[]},{"ancestorTitles":["Translation key coverage","English translations"],"fullName":"Translation key coverage English translations should have English translation for key: trash","status":"passed","title":"should have English translation for key: trash","duration":3.686800000000403,"failureMessages":[],"meta":{},"tags":[]},{"ancestorTitles":["Translation key coverage","English translations"],"fullName":"Translation key coverage English translations should have English translation for key: deletedProjects","status":"passed","title":"should have English translation for key: deletedProjects","duration":16.209400000000187,"failureMessages":[],"meta":{},"tags":[]},{"ancestorTitles":["Translation key coverage","English translations"],"fullName":"Translation key coverage English translations should have English translation for key: deletedItems","status":"passed","title":"should have English translation for key: deletedItems","duration":9.02390000000014,"failureMessages":[],"meta":{},"tags":[]},{"ancestorTitles":["Translation key coverage","English translations"],"fullName":"Translation key coverage English translations should have English translation for key: noDeleted","status":"passed","title":"should have English translation for key: noDeleted","duration":2.8876000000000204,"failureMessages":[],"meta":{},"tags":[]},{"ancestorTitles":["Translation key coverage","English translations"],"fullName":"Translation key coverage English translations should have English translation for key: noDeletedItems","status":"passed","title":"should have English translation for key: noDeletedItems","duration":1.6527000000000953,"failureMessages":[],"meta":{},"tags":[]},{"ancestorTitles":["Translation key coverage","English translations"],"fullName":"Translation key coverage English translations should have English translation for key: restore","status":"passed","title":"should have English translation for key: restore","duration":1.477400000000216,"failureMessages":[],"meta":{},"tags":[]},{"ancestorTitles":["Translation key coverage","English translations"],"fullName":"Translation key coverage English translations should have English translation for key: deletedLabel","status":"passed","title":"should have English translation for key: deletedLabel","duration":2.709400000000187,"failureMessages":[],"meta":{},"tags":[]},{"ancestorTitles":["Translation key coverage","English translations"],"fullName":"Translation key coverage English translations should have English translation for key: close","status":"passed","title":"should have English translation for key: close","duration":2.2203000000004067,"failureMessages":[],"meta":{},"tags":[]},{"ancestorTitles":["Translation key coverage","English translations"],"fullName":"Translation key coverage English translations should have English translation for key: more","status":"passed","title":"should have English translation for key: more","duration":2.3884000000002743,"failureMessages":[],"meta":{},"tags":[]},{"ancestorTitles":["Translation key coverage","English translations"],"fullName":"Translation key coverage English translations should have English translation for key: footerText","status":"passed","title":"should have English translation for key: footerText","duration":1.4436000000000604,"failureMessages":[],"meta":{},"tags":[]},{"ancestorTitles":["Translation key coverage","English translations"],"fullName":"Translation key coverage English translations should have English translation for key: loadingProject","status":"passed","title":"should have English translation for key: loadingProject","duration":1.3532000000000153,"failureMessages":[],"meta":{},"tags":[]},{"ancestorTitles":["Translation key coverage","English translations"],"fullName":"Translation key coverage English translations should have English translation for key: projectNotFound","status":"passed","title":"should have English translation for key: projectNotFound","duration":1.3380000000001928,"failureMessages":[],"meta":{},"tags":[]},{"ancestorTitles":["Translation key coverage","English translations"],"fullName":"Translation key coverage English translations should have English translation for key: autoSaveFailed","status":"passed","title":"should have English translation for key: autoSaveFailed","duration":2.3213999999998123,"failureMessages":[],"meta":{},"tags":[]},{"ancestorTitles":["Translation key coverage","English translations"],"fullName":"Translation key coverage English translations should have English translation for key: saveSnapshotFailed","status":"passed","title":"should have English translation for key: saveSnapshotFailed","duration":1.3083000000001448,"failureMessages":[],"meta":{},"tags":[]},{"ancestorTitles":["Translation key coverage","English translations"],"fullName":"Translation key coverage English translations should have English translation for key: language","status":"passed","title":"should have English translation for key: language","duration":3.6104999999997744,"failureMessages":[],"meta":{},"tags":[]},{"ancestorTitles":["Translation key coverage","English translations"],"fullName":"Translation key coverage English translations should have English translation for key: japanese","status":"passed","title":"should have English translation for key: japanese","duration":3.257999999999811,"failureMessages":[],"meta":{},"tags":[]},{"ancestorTitles":["Translation key coverage","English translations"],"fullName":"Translation key coverage English translations should have English translation for key: english","status":"passed","title":"should have English translation for key: english","duration":1.2637999999997191,"failureMessages":[],"meta":{},"tags":[]},{"ancestorTitles":["Language detection and initialization"],"fullName":"Language detection and initialization should detect Japanese from localStorage","status":"passed","title":"should detect Japanese from localStorage","duration":1.6036000000003696,"failureMessages":[],"meta":{},"tags":[]},{"ancestorTitles":["Language detection and initialization"],"fullName":"Language detection and initialization should detect English from localStorage","status":"passed","title":"should detect English from localStorage","duration":3.0430999999998676,"failureMessages":[],"meta":{},"tags":[]},{"ancestorTitles":["Language detection and initialization"],"fullName":"Language detection and initialization should default to Japanese for empty localStorage","status":"passed","title":"should default to Japanese for empty localStorage","duration":21.641699999999673,"failureMessages":[],"meta":{},"tags":[]},{"ancestorTitles":["Language detection and initialization"],"fullName":"Language detection and initialization should default to Japanese for invalid localStorage value","status":"passed","title":"should default to Japanese for invalid localStorage value","duration":29.33680000000004,"failureMessages":[],"meta":{},"tags":[]},{"ancestorTitles":["Language detection and initialization"],"fullName":"Language detection and initialization should default to Japanese for undefined localStorage value","status":"passed","title":"should default to Japanese for undefined localStorage value","duration":11.747800000000097,"failureMessages":[],"meta":{},"tags":[]},{"ancestorTitles":["Language detection and initialization"],"fullName":"Language detection and initialization should handle corrupted localStorage gracefully","status":"passed","title":"should handle corrupted localStorage gracefully","duration":2.673699999999826,"failureMessages":[],"meta":{},"tags":[]},{"ancestorTitles":["Concurrent state updates"],"fullName":"Concurrent state updates should handle rapid language switches correctly","status":"passed","title":"should handle rapid language switches correctly","duration":120.33190000000013,"failureMessages":[],"meta":{},"tags":[]},{"ancestorTitles":["Concurrent state updates"],"fullName":"Concurrent state updates should maintain translation consistency during rapid switches","status":"passed","title":"should maintain translation consistency during rapid switches","duration":101.31460000000015,"failureMessages":[],"meta":{},"tags":[]},{"ancestorTitles":["Provider nesting"],"fullName":"Provider nesting should create isolated contexts for nested providers","status":"passed","title":"should create isolated contexts for nested providers","duration":9.415700000000015,"failureMessages":[],"meta":{},"tags":[]},{"ancestorTitles":["Performance and memory"],"fullName":"Performance and memory should handle many translation calls efficiently","status":"passed","title":"should handle many translation calls efficiently","duration":54.67060000000038,"failureMessages":[],"meta":{},"tags":[]},{"ancestorTitles":["Performance and memory"],"fullName":"Performance and memory should not cause memory leaks on unmount","status":"passed","title":"should not cause memory leaks on unmount","duration":3.7885000000001128,"failureMessages":[],"meta":{},"tags":[]},{"ancestorTitles":["Unicode and special characters"],"fullName":"Unicode and special characters should handle Unicode characters correctly in Japanese","status":"passed","title":"should handle Unicode characters correctly in Japanese","duration":4.8750999999997475,"failureMessages":[],"meta":{},"tags":[]},{"ancestorTitles":["Unicode and special characters"],"fullName":"Unicode and special characters should handle Unicode characters correctly in English","status":"passed","title":"should handle Unicode characters correctly in English","duration":24.398899999999685,"failureMessages":[],"meta":{},"tags":[]}],"startTime":1783030371747,"endTime":1783030372395.399,"status":"passed","message":"","name":"C:/Users/ryo-n/Codex_dev/LyricLytic/src/test/i18n-extended.test.tsx"},{"assertionResults":[{"ancestorTitles":["Translation key usage scenarios","Japanese translations"],"fullName":"Translation key usage scenarios Japanese translations should render all Japanese translations correctly","status":"passed","title":"should render all Japanese translations correctly","duration":80.35400000000027,"failureMessages":[],"meta":{},"tags":[]},{"ancestorTitles":["Translation key usage scenarios","English translations"],"fullName":"Translation key usage scenarios English translations should render all English translations correctly","status":"passed","title":"should render all English translations correctly","duration":22.28610000000026,"failureMessages":[],"meta":{},"tags":[]},{"ancestorTitles":["Real-time language switching"],"fullName":"Real-time language switching should update text immediately when language changes","status":"passed","title":"should update text immediately when language changes","duration":19.072599999999966,"failureMessages":[],"meta":{},"tags":[]},{"ancestorTitles":["Real-time language switching"],"fullName":"Real-time language switching should handle multiple rapid language changes","status":"passed","title":"should handle multiple rapid language changes","duration":70.47839999999997,"failureMessages":[],"meta":{},"tags":[]},{"ancestorTitles":["Real-time language switching"],"fullName":"Real-time language switching should persist the last selected language","status":"passed","title":"should persist the last selected language","duration":44.891099999999824,"failureMessages":[],"meta":{},"tags":[]},{"ancestorTitles":["Component re-rendering"],"fullName":"Component re-rendering should not cause unnecessary re-renders","status":"passed","title":"should not cause unnecessary re-renders","duration":2.220299999999952,"failureMessages":[],"meta":{},"tags":[]},{"ancestorTitles":["Multiple components sharing context"],"fullName":"Multiple components sharing context should share language state across components","status":"passed","title":"should share language state across components","duration":558.5129000000006,"failureMessages":[],"meta":{},"tags":[]}],"startTime":1783030368708,"endTime":1783030369506.513,"status":"passed","message":"","name":"C:/Users/ryo-n/Codex_dev/LyricLytic/src/test/i18n-scenarios.test.tsx"},{"assertionResults":[{"ancestorTitles":["i18n translations completeness"],"fullName":"i18n translations completeness should have Japanese translation for key appTitle","status":"passed","title":"should have Japanese translation for key appTitle","duration":3.503899999999703,"failureMessages":[],"meta":{},"tags":[]},{"ancestorTitles":["i18n translations completeness"],"fullName":"i18n translations completeness should have Japanese translation for key subtitle","status":"passed","title":"should have Japanese translation for key subtitle","duration":0.46549999999979264,"failureMessages":[],"meta":{},"tags":[]},{"ancestorTitles":["i18n translations completeness"],"fullName":"i18n translations completeness should have Japanese translation for key projects","status":"passed","title":"should have Japanese translation for key projects","duration":0.33459999999968204,"failureMessages":[],"meta":{},"tags":[]},{"ancestorTitles":["i18n translations completeness"],"fullName":"i18n translations completeness should have Japanese translation for key newProject","status":"passed","title":"should have Japanese translation for key newProject","duration":0.2642000000000735,"failureMessages":[],"meta":{},"tags":[]},{"ancestorTitles":["i18n translations completeness"],"fullName":"i18n translations completeness should have Japanese translation for key projectTitle","status":"passed","title":"should have Japanese translation for key projectTitle","duration":0.29220000000032087,"failureMessages":[],"meta":{},"tags":[]},{"ancestorTitles":["i18n translations completeness"],"fullName":"i18n translations completeness should have Japanese translation for key create","status":"passed","title":"should have Japanese translation for key create","duration":0.25680000000011205,"failureMessages":[],"meta":{},"tags":[]},{"ancestorTitles":["i18n translations completeness"],"fullName":"i18n translations completeness should have Japanese translation for key cancel","status":"passed","title":"should have Japanese translation for key cancel","duration":0.233600000000024,"failureMessages":[],"meta":{},"tags":[]},{"ancestorTitles":["i18n translations completeness"],"fullName":"i18n translations completeness should have Japanese translation for key loading","status":"passed","title":"should have Japanese translation for key loading","duration":0.25270000000000437,"failureMessages":[],"meta":{},"tags":[]},{"ancestorTitles":["i18n translations completeness"],"fullName":"i18n translations completeness should have Japanese translation for key noProjects","status":"passed","title":"should have Japanese translation for key noProjects","duration":0.2604999999998654,"failureMessages":[],"meta":{},"tags":[]},{"ancestorTitles":["i18n translations completeness"],"fullName":"i18n translations completeness should have Japanese translation for key deleteProject","status":"passed","title":"should have Japanese translation for key deleteProject","duration":0.3720000000002983,"failureMessages":[],"meta":{},"tags":[]},{"ancestorTitles":["i18n translations completeness"],"fullName":"i18n translations completeness should have Japanese translation for key deleteConfirm","status":"passed","title":"should have Japanese translation for key deleteConfirm","duration":0.23829999999998108,"failureMessages":[],"meta":{},"tags":[]},{"ancestorTitles":["i18n translations completeness"],"fullName":"i18n translations completeness should have Japanese translation for key deleteFailed","status":"passed","title":"should have Japanese translation for key deleteFailed","duration":0.14530000000013388,"failureMessages":[],"meta":{},"tags":[]},{"ancestorTitles":["i18n translations completeness"],"fullName":"i18n translations completeness should have Japanese translation for key createFailed","status":"passed","title":"should have Japanese translation for key createFailed","duration":0.13459999999986394,"failureMessages":[],"meta":{},"tags":[]},{"ancestorTitles":["i18n translations completeness"],"fullName":"i18n translations completeness should have Japanese translation for key loadFailed","status":"passed","title":"should have Japanese translation for key loadFailed","duration":0.12580000000025393,"failureMessages":[],"meta":{},"tags":[]},{"ancestorTitles":["i18n translations completeness"],"fullName":"i18n translations completeness should have Japanese translation for key saveFailed","status":"passed","title":"should have Japanese translation for key saveFailed","duration":0.13859999999976935,"failureMessages":[],"meta":{},"tags":[]},{"ancestorTitles":["i18n translations completeness"],"fullName":"i18n translations completeness should have Japanese translation for key trash","status":"passed","title":"should have Japanese translation for key trash","duration":0.1309000000001106,"failureMessages":[],"meta":{},"tags":[]},{"ancestorTitles":["i18n translations completeness"],"fullName":"i18n translations completeness should have Japanese translation for key deletedProjects","status":"passed","title":"should have Japanese translation for key deletedProjects","duration":0.12420000000020082,"failureMessages":[],"meta":{},"tags":[]},{"ancestorTitles":["i18n translations completeness"],"fullName":"i18n translations completeness should have Japanese translation for key deletedItems","status":"passed","title":"should have Japanese translation for key deletedItems","duration":0.12269999999989523,"failureMessages":[],"meta":{},"tags":[]},{"ancestorTitles":["i18n translations completeness"],"fullName":"i18n translations completeness should have Japanese translation for key noDeleted","status":"passed","title":"should have Japanese translation for key noDeleted","duration":0.12750000000005457,"failureMessages":[],"meta":{},"tags":[]},{"ancestorTitles":["i18n translations completeness"],"fullName":"i18n translations completeness should have Japanese translation for key noDeletedItems","status":"passed","title":"should have Japanese translation for key noDeletedItems","duration":0.13169999999990978,"failureMessages":[],"meta":{},"tags":[]},{"ancestorTitles":["i18n translations completeness"],"fullName":"i18n translations completeness should have Japanese translation for key restore","status":"passed","title":"should have Japanese translation for key restore","duration":0.12720000000035725,"failureMessages":[],"meta":{},"tags":[]},{"ancestorTitles":["i18n translations completeness"],"fullName":"i18n translations completeness should have Japanese translation for key deletedLabel","status":"passed","title":"should have Japanese translation for key deletedLabel","duration":0.11430000000018481,"failureMessages":[],"meta":{},"tags":[]},{"ancestorTitles":["i18n translations completeness"],"fullName":"i18n translations completeness should have Japanese translation for key close","status":"passed","title":"should have Japanese translation for key close","duration":0.12420000000020082,"failureMessages":[],"meta":{},"tags":[]},{"ancestorTitles":["i18n translations completeness"],"fullName":"i18n translations completeness should have Japanese translation for key more","status":"passed","title":"should have Japanese translation for key more","duration":0.12760000000025684,"failureMessages":[],"meta":{},"tags":[]},{"ancestorTitles":["i18n translations completeness"],"fullName":"i18n translations completeness should have Japanese translation for key footerText","status":"passed","title":"should have Japanese translation for key footerText","duration":0.12100000000009459,"failureMessages":[],"meta":{},"tags":[]},{"ancestorTitles":["i18n translations completeness"],"fullName":"i18n translations completeness should have Japanese translation for key loadingProject","status":"passed","title":"should have Japanese translation for key loadingProject","duration":0.11979999999994106,"failureMessages":[],"meta":{},"tags":[]},{"ancestorTitles":["i18n translations completeness"],"fullName":"i18n translations completeness should have Japanese translation for key projectNotFound","status":"passed","title":"should have Japanese translation for key projectNotFound","duration":0.11380000000008295,"failureMessages":[],"meta":{},"tags":[]},{"ancestorTitles":["i18n translations completeness"],"fullName":"i18n translations completeness should have Japanese translation for key autoSaveFailed","status":"passed","title":"should have Japanese translation for key autoSaveFailed","duration":0.12330000000019936,"failureMessages":[],"meta":{},"tags":[]},{"ancestorTitles":["i18n translations completeness"],"fullName":"i18n translations completeness should have Japanese translation for key saveSnapshotFailed","status":"passed","title":"should have Japanese translation for key saveSnapshotFailed","duration":0.14000000000032742,"failureMessages":[],"meta":{},"tags":[]},{"ancestorTitles":["i18n translations completeness"],"fullName":"i18n translations completeness should have Japanese translation for key snapshotSavedToast","status":"passed","title":"should have Japanese translation for key snapshotSavedToast","duration":0.12310000000024957,"failureMessages":[],"meta":{},"tags":[]},{"ancestorTitles":["i18n translations completeness"],"fullName":"i18n translations completeness should have Japanese translation for key versionHiddenToast","status":"passed","title":"should have Japanese translation for key versionHiddenToast","duration":0.12330000000019936,"failureMessages":[],"meta":{},"tags":[]},{"ancestorTitles":["i18n translations completeness"],"fullName":"i18n translations completeness should have Japanese translation for key copyAllWithTags","status":"passed","title":"should have Japanese translation for key copyAllWithTags","duration":0.11720000000013897,"failureMessages":[],"meta":{},"tags":[]},{"ancestorTitles":["i18n translations completeness"],"fullName":"i18n translations completeness should have Japanese translation for key copyLyricsOnly","status":"passed","title":"should have Japanese translation for key copyLyricsOnly","duration":0.12429999999994834,"failureMessages":[],"meta":{},"tags":[]},{"ancestorTitles":["i18n translations completeness"],"fullName":"i18n translations completeness should have Japanese translation for key copyFailed","status":"passed","title":"should have Japanese translation for key copyFailed","duration":0.1125000000001819,"failureMessages":[],"meta":{},"tags":[]},{"ancestorTitles":["i18n translations completeness"],"fullName":"i18n translations completeness should have Japanese translation for key allLyrics","status":"passed","title":"should have Japanese translation for key allLyrics","duration":0.11390000000028522,"failureMessages":[],"meta":{},"tags":[]},{"ancestorTitles":["i18n translations completeness"],"fullName":"i18n translations completeness should have Japanese translation for key noSection","status":"passed","title":"should have Japanese translation for key noSection","duration":0.1435999999998785,"failureMessages":[],"meta":{},"tags":[]},{"ancestorTitles":["i18n translations completeness"],"fullName":"i18n translations completeness should have Japanese translation for key workingDraft","status":"passed","title":"should have Japanese translation for key workingDraft","duration":0.11389999999983047,"failureMessages":[],"meta":{},"tags":[]},{"ancestorTitles":["i18n translations completeness"],"fullName":"i18n translations completeness should have Japanese translation for key autosaved","status":"passed","title":"should have Japanese translation for key autosaved","duration":0.11860000000024229,"failureMessages":[],"meta":{},"tags":[]},{"ancestorTitles":["i18n translations completeness"],"fullName":"i18n translations completeness should have Japanese translation for key sections","status":"passed","title":"should have Japanese translation for key sections","duration":0.10960000000022774,"failureMessages":[],"meta":{},"tags":[]},{"ancestorTitles":["i18n translations completeness"],"fullName":"i18n translations completeness should have Japanese translation for key fullPreview","status":"passed","title":"should have Japanese translation for key fullPreview","duration":0.11610000000018772,"failureMessages":[],"meta":{},"tags":[]},{"ancestorTitles":["i18n translations completeness"],"fullName":"i18n translations completeness should have Japanese translation for key current","status":"passed","title":"should have Japanese translation for key current","duration":0.10739999999987049,"failureMessages":[],"meta":{},"tags":[]},{"ancestorTitles":["i18n translations completeness"],"fullName":"i18n translations completeness should have Japanese translation for key editing","status":"passed","title":"should have Japanese translation for key editing","duration":0.11220000000002983,"failureMessages":[],"meta":{},"tags":[]},{"ancestorTitles":["i18n translations completeness"],"fullName":"i18n translations completeness should have Japanese translation for key history","status":"passed","title":"should have Japanese translation for key history","duration":0.17730000000028667,"failureMessages":[],"meta":{},"tags":[]},{"ancestorTitles":["i18n translations completeness"],"fullName":"i18n translations completeness should have Japanese translation for key quickPanels","status":"passed","title":"should have Japanese translation for key quickPanels","duration":0.135899999999765,"failureMessages":[],"meta":{},"tags":[]},{"ancestorTitles":["i18n translations completeness"],"fullName":"i18n translations completeness should have Japanese translation for key compareVersions","status":"passed","title":"should have Japanese translation for key compareVersions","duration":0.14360000000033324,"failureMessages":[],"meta":{},"tags":[]},{"ancestorTitles":["i18n translations completeness"],"fullName":"i18n translations completeness should have Japanese translation for key revisionNotes","status":"passed","title":"should have Japanese translation for key revisionNotes","duration":0.1673000000000684,"failureMessages":[],"meta":{},"tags":[]},{"ancestorTitles":["i18n translations completeness"],"fullName":"i18n translations completeness should have Japanese translation for key open","status":"passed","title":"should have Japanese translation for key open","duration":0.134900000000016,"failureMessages":[],"meta":{},"tags":[]},{"ancestorTitles":["i18n translations completeness"],"fullName":"i18n translations completeness should have Japanese translation for key search","status":"passed","title":"should have Japanese translation for key search","duration":0.1271999999999025,"failureMessages":[],"meta":{},"tags":[]},{"ancestorTitles":["i18n translations completeness"],"fullName":"i18n translations completeness should have Japanese translation for key fragments","status":"passed","title":"should have Japanese translation for key fragments","duration":0.12179999999989377,"failureMessages":[],"meta":{},"tags":[]},{"ancestorTitles":["i18n translations completeness"],"fullName":"i18n translations completeness should have Japanese translation for key song","status":"passed","title":"should have Japanese translation for key song","duration":0.11529999999993379,"failureMessages":[],"meta":{},"tags":[]},{"ancestorTitles":["i18n translations completeness"],"fullName":"i18n translations completeness should have Japanese translation for key suggestedFragments","status":"passed","title":"should have Japanese translation for key suggestedFragments","duration":0.13540000000011787,"failureMessages":[],"meta":{},"tags":[]},{"ancestorTitles":["i18n translations completeness"],"fullName":"i18n translations completeness should have Japanese translation for key linkedArtifact","status":"passed","title":"should have Japanese translation for key linkedArtifact","duration":0.11959999999999127,"failureMessages":[],"meta":{},"tags":[]},{"ancestorTitles":["i18n translations completeness"],"fullName":"i18n translations completeness should have Japanese translation for key lyricVersions","status":"passed","title":"should have Japanese translation for key lyricVersions","duration":0.13400000000001455,"failureMessages":[],"meta":{},"tags":[]},{"ancestorTitles":["i18n translations completeness"],"fullName":"i18n translations completeness should have Japanese translation for key chars","status":"passed","title":"should have Japanese translation for key chars","duration":0.11950000000024374,"failureMessages":[],"meta":{},"tags":[]},{"ancestorTitles":["i18n translations completeness"],"fullName":"i18n translations completeness should have Japanese translation for key bpm","status":"passed","title":"should have Japanese translation for key bpm","duration":0.11360000000013315,"failureMessages":[],"meta":{},"tags":[]},{"ancestorTitles":["i18n translations completeness"],"fullName":"i18n translations completeness should have Japanese translation for key estimatedDuration","status":"passed","title":"should have Japanese translation for key estimatedDuration","duration":0.12179999999989377,"failureMessages":[],"meta":{},"tags":[]},{"ancestorTitles":["i18n translations completeness"],"fullName":"i18n translations completeness should have Japanese translation for key custom","status":"passed","title":"should have Japanese translation for key custom","duration":0.11400000000003274,"failureMessages":[],"meta":{},"tags":[]},{"ancestorTitles":["i18n translations completeness"],"fullName":"i18n translations completeness should have Japanese translation for key sec","status":"passed","title":"should have Japanese translation for key sec","duration":0.1044000000001688,"failureMessages":[],"meta":{},"tags":[]},{"ancestorTitles":["i18n translations completeness"],"fullName":"i18n translations completeness should have Japanese translation for key noSavedVersions","status":"passed","title":"should have Japanese translation for key noSavedVersions","duration":0.12329999999974461,"failureMessages":[],"meta":{},"tags":[]},{"ancestorTitles":["i18n translations completeness"],"fullName":"i18n translations completeness should have Japanese translation for key saveSnapshot","status":"passed","title":"should have Japanese translation for key saveSnapshot","duration":0.10550000000012005,"failureMessages":[],"meta":{},"tags":[]},{"ancestorTitles":["i18n translations completeness"],"fullName":"i18n translations completeness should have Japanese translation for key aiAssist","status":"passed","title":"should have Japanese translation for key aiAssist","duration":0.1105
[...]
en last section is deleted","duration":3.2309000000000196,"failureMessages":[],"meta":{},"tags":[]}],"startTime":1783030375795,"endTime":1783030375917.231,"status":"passed","message":"","name":"C:/Users/ryo-n/Codex_dev/LyricLytic/src/test/useSectionActions.test.ts"},{"assertionResults":[{"ancestorTitles":["useSectionDragDrop","initial state"],"fullName":"useSectionDragDrop initial state should have null dragged section initially","status":"passed","title":"should have null dragged section initially","duration":43.18240000000014,"failureMessages":[],"meta":{},"tags":[]},{"ancestorTitles":["useSectionDragDrop","initial state"],"fullName":"useSectionDragDrop initial state should have null drag over section initially","status":"passed","title":"should have null drag over section initially","duration":19.060300000000097,"failureMessages":[],"meta":{},"tags":[]},{"ancestorTitles":["useSectionDragDrop","initial state"],"fullName":"useSectionDragDrop initial state should have null pointer position initially","status":"passed","title":"should have null pointer position initially","duration":2.2170999999998457,"failureMessages":[],"meta":{},"tags":[]},{"ancestorTitles":["useSectionDragDrop","drag operations"],"fullName":"useSectionDragDrop drag operations should start drag on pointer down","status":"passed","title":"should start drag on pointer down","duration":2.362800000000334,"failureMessages":[],"meta":{},"tags":[]},{"ancestorTitles":["useSectionDragDrop","drag operations"],"fullName":"useSectionDragDrop drag operations should clear drag state on drag end","status":"passed","title":"should clear drag state on drag end","duration":19.99389999999994,"failureMessages":[],"meta":{},"tags":[]},{"ancestorTitles":["useSectionDragDrop","drag operations"],"fullName":"useSectionDragDrop drag operations should set drag over section","status":"passed","title":"should set drag over section","duration":24.389599999999973,"failureMessages":[],"meta":{},"tags":[]},{"ancestorTitles":["useSectionDragDrop","drag operations"],"fullName":"useSectionDragDrop drag operations should start drag when pointer moves beyond threshold","status":"passed","title":"should start drag when pointer moves beyond threshold","duration":55.18469999999979,"failureMessages":[],"meta":{},"tags":[]},{"ancestorTitles":["useSectionDragDrop","drag operations"],"fullName":"useSectionDragDrop drag operations should not start drag when pointer moves within threshold","status":"passed","title":"should not start drag when pointer moves within threshold","duration":24.3757999999998,"failureMessages":[],"meta":{},"tags":[]},{"ancestorTitles":["useSectionDragDrop","drag operations"],"fullName":"useSectionDragDrop drag operations should update pointer position during drag","status":"passed","title":"should update pointer position during drag","duration":3.083100000000286,"failureMessages":[],"meta":{},"tags":[]},{"ancestorTitles":["useSectionDragDrop","drag operations"],"fullName":"useSectionDragDrop drag operations should end drag on pointer up","status":"passed","title":"should end drag on pointer up","duration":19.809299999999894,"failureMessages":[],"meta":{},"tags":[]},{"ancestorTitles":["useSectionDragDrop","reorder"],"fullName":"useSectionDragDrop reorder should not reorder when drag not activated","status":"passed","title":"should not reorder when drag not activated","duration":2.683799999999792,"failureMessages":[],"meta":{},"tags":[]},{"ancestorTitles":["useSectionDragDrop","reorder"],"fullName":"useSectionDragDrop reorder should not reorder when source equals target","status":"passed","title":"should not reorder when source equals target","duration":1.6752000000001317,"failureMessages":[],"meta":{},"tags":[]},{"ancestorTitles":["useSectionDragDrop","reorder"],"fullName":"useSectionDragDrop reorder should reorder sections when commitReorder is called with valid drag","status":"passed","title":"should reorder sections when commitReorder is called with valid drag","duration":3.293800000000374,"failureMessages":[],"meta":{},"tags":[]},{"ancestorTitles":["useSectionDragDrop","reorder"],"fullName":"useSectionDragDrop reorder should update sortOrder after reorder","status":"passed","title":"should update sortOrder after reorder","duration":14.033799999999701,"failureMessages":[],"meta":{},"tags":[]},{"ancestorTitles":["useSectionDragDrop","reorder"],"fullName":"useSectionDragDrop reorder should clear all state after commitReorder","status":"passed","title":"should clear all state after commitReorder","duration":2.329399999999623,"failureMessages":[],"meta":{},"tags":[]},{"ancestorTitles":["useSectionDragDrop","reorder"],"fullName":"useSectionDragDrop reorder should not reorder when section id not found","status":"passed","title":"should not reorder when section id not found","duration":13.513300000000072,"failureMessages":[],"meta":{},"tags":[]},{"ancestorTitles":["useSectionDragDrop","reorder"],"fullName":"useSectionDragDrop reorder should clear all state on drag end","status":"passed","title":"should clear all state on drag end","duration":1.4051999999996951,"failureMessages":[],"meta":{},"tags":[]},{"ancestorTitles":["useSectionDragDrop","cleanup"],"fullName":"useSectionDragDrop cleanup should remove event listeners on unmount","status":"passed","title":"should remove event listeners on unmount","duration":6.443400000000111,"failureMessages":[],"meta":{},"tags":[]}],"startTime":1783030375556,"endTime":1783030375816.4434,"status":"passed","message":"","name":"C:/Users/ryo-n/Codex_dev/LyricLytic/src/test/useSectionDragDrop.test.ts"},{"assertionResults":[{"ancestorTitles":["useSections","initial state"],"fullName":"useSections initial state should start with empty sections","status":"passed","title":"should start with empty sections","duration":21.740700000000288,"failureMessages":[],"meta":{},"tags":[]},{"ancestorTitles":["useSections","initial state"],"fullName":"useSections initial state should accept initial sections via resetFromData","status":"passed","title":"should accept initial sections via resetFromData","duration":5.03899999999976,"failureMessages":[],"meta":{},"tags":[]},{"ancestorTitles":["useSections","addSection"],"fullName":"useSections addSection should add a new section","status":"passed","title":"should add a new section","duration":3.9645000000000437,"failureMessages":[],"meta":{},"tags":[]},{"ancestorTitles":["useSections","addSection"],"fullName":"useSections addSection should generate unique names for duplicate types","status":"passed","title":"should generate unique names for duplicate types","duration":3.455800000000181,"failureMessages":[],"meta":{},"tags":[]},{"ancestorTitles":["useSections","addSection"],"fullName":"useSections addSection should set new section as active","status":"passed","title":"should set new section as active","duration":2.5393999999996595,"failureMessages":[],"meta":{},"tags":[]},{"ancestorTitles":["useSections","addSection"],"fullName":"useSections addSection should add section with empty bodyText","status":"passed","title":"should add section with empty bodyText","duration":1.8542999999999665,"failureMessages":[],"meta":{},"tags":[]},{"ancestorTitles":["useSections","renameSection"],"fullName":"useSections renameSection should rename section displayName","status":"passed","title":"should rename section displayName","duration":2.640899999999874,"failureMessages":[],"meta":{},"tags":[]},{"ancestorTitles":["useSections","renameSection"],"fullName":"useSections renameSection should update type when renaming","status":"passed","title":"should update type when renaming","duration":2.137000000000171,"failureMessages":[],"meta":{},"tags":[]},{"ancestorTitles":["useSections","renameSection"],"fullName":"useSections renameSection should not affect other sections","status":"passed","title":"should not affect other sections","duration":2.255500000000211,"failureMessages":[],"meta":{},"tags":[]},{"ancestorTitles":["useSections","deleteSection"],"fullName":"useSections deleteSection should remove section","status":"passed","title":"should remove section","duration":3.21120000000019,"failureMessages":[],"meta":{},"tags":[]},{"ancestorTitles":["useSections","deleteSection"],"fullName":"useSections deleteSection should update active section when deleting active","status":"passed","title":"should update active section when deleting active","duration":1.9884999999999309,"failureMessages":[],"meta":{},"tags":[]},{"ancestorTitles":["useSections","deleteSection"],"fullName":"useSections deleteSection should set active to null when deleting last section","status":"passed","title":"should set active to null when deleting last section","duration":1.6934000000001106,"failureMessages":[],"meta":{},"tags":[]},{"ancestorTitles":["useSections","moveSection"],"fullName":"useSections moveSection should move section up","status":"passed","title":"should move section up","duration":2.293800000000374,"failureMessages":[],"meta":{},"tags":[]},{"ancestorTitles":["useSections","moveSection"],"fullName":"useSections moveSection should move section down","status":"passed","title":"should move section down","duration":1.9038000000000466,"failureMessages":[],"meta":{},"tags":[]},{"ancestorTitles":["useSections","moveSection"],"fullName":"useSections moveSection should not move first section up","status":"passed","title":"should not move first section up","duration":10.31939999999986,"failureMessages":[],"meta":{},"tags":[]},{"ancestorTitles":["useSections","moveSection"],"fullName":"useSections moveSection should not move last section down","status":"passed","title":"should not move last section down","duration":1.7548000000001593,"failureMessages":[],"meta":{},"tags":[]},{"ancestorTitles":["useSections","updateSectionBody"],"fullName":"useSections updateSectionBody should update body text","status":"passed","title":"should update body text","duration":34.47870000000012,"failureMessages":[],"meta":{},"tags":[]},{"ancestorTitles":["useSections","updateSectionBody"],"fullName":"useSections updateSectionBody should preserve other properties","status":"passed","title":"should preserve other properties","duration":13.036200000000008,"failureMessages":[],"meta":{},"tags":[]},{"ancestorTitles":["useSections","insertText"],"fullName":"useSections insertText should insert text into active section","status":"passed","title":"should insert text into active section","duration":12.084900000000289,"failureMessages":[],"meta":{},"tags":[]},{"ancestorTitles":["useSections","insertText"],"fullName":"useSections insertText should append text with newline","status":"passed","title":"should append text with newline","duration":5.699399999999969,"failureMessages":[],"meta":{},"tags":[]},{"ancestorTitles":["useSections","insertText"],"fullName":"useSections insertText should not insert when no active section","status":"passed","title":"should not insert when no active section","duration":3.855399999999918,"failureMessages":[],"meta":{},"tags":[]},{"ancestorTitles":["useSections","insertText"],"fullName":"useSections insertText should not insert when in all view","status":"passed","title":"should not insert when in all view","duration":1.6725999999998749,"failureMessages":[],"meta":{},"tags":[]},{"ancestorTitles":["useSections","setActiveSectionId"],"fullName":"useSections setActiveSectionId should set active section","status":"passed","title":"should set active section","duration":1.7472999999999956,"failureMessages":[],"meta":{},"tags":[]},{"ancestorTitles":["useSections","setActiveSectionId"],"fullName":"useSections setActiveSectionId should set to null","status":"passed","title":"should set to null","duration":1.4937999999997373,"failureMessages":[],"meta":{},"tags":[]},{"ancestorTitles":["useSections","isAllView"],"fullName":"useSections isAllView should be true when active is ALL_SECTIONS_ID","status":"passed","title":"should be true when active is ALL_SECTIONS_ID","duration":2.2833999999998014,"failureMessages":[],"meta":{},"tags":[]},{"ancestorTitles":["useSections","isAllView"],"fullName":"useSections isAllView should be false when active is a section","status":"passed","title":"should be false when active is a section","duration":5.408699999999953,"failureMessages":[],"meta":{},"tags":[]},{"ancestorTitles":["useSections","queueAutoSave"],"fullName":"useSections queueAutoSave should be callable","status":"passed","title":"should be callable","duration":6.832699999999932,"failureMessages":[],"meta":{},"tags":[]},{"ancestorTitles":["useSections","queueAutoSave"],"fullName":"useSections queueAutoSave should call onSave after delay","status":"passed","title":"should call onSave after delay","duration":37.015499999999975,"failureMessages":[],"meta":{},"tags":[]},{"ancestorTitles":["useSections","queueAutoSave"],"fullName":"useSections queueAutoSave should clear existing timeout when called again","status":"passed","title":"should clear existing timeout when called again","duration":11.757399999999961,"failureMessages":[],"meta":{},"tags":[]},{"ancestorTitles":["useSections","resetFromData"],"fullName":"useSections resetFromData should replace all sections","status":"passed","title":"should replace all sections","duration":3.3263999999999214,"failureMessages":[],"meta":{},"tags":[]},{"ancestorTitles":["useSections","resetFromData"],"fullName":"useSections resetFromData should set active to ALL_SECTIONS_ID when data has sections","status":"passed","title":"should set active to ALL_SECTIONS_ID when data has sections","duration":1.9576999999999316,"failureMessages":[],"meta":{},"tags":[]},{"ancestorTitles":["useSections","resetFromData"],"fullName":"useSections resetFromData should set active to null when data is empty","status":"passed","title":"should set active to null when data is empty","duration":1.5983000000001084,"failureMessages":[],"meta":{},"tags":[]}],"startTime":1783030373284,"endTime":1783030373520.5984,"status":"passed","message":"","name":"C:/Users/ryo-n/Codex_dev/LyricLytic/src/test/useSections.test.ts"},{"assertionResults":[{"ancestorTitles":["useStyleVocal","initial state"],"fullName":"useStyleVocal initial state should have empty styleText","status":"passed","title":"should have empty styleText","duration":24.070999999999913,"failureMessages":[],"meta":{},"tags":[]},{"ancestorTitles":["useStyleVocal","initial state"],"fullName":"useStyleVocal initial state should have empty vocalText","status":"passed","title":"should have empty vocalText","duration":32.07450000000017,"failureMessages":[],"meta":{},"tags":[]},{"ancestorTitles":["useStyleVocal","initial state"],"fullName":"useStyleVocal initial state should accept initial values","status":"passed","title":"should accept initial values","duration":2.066400000000158,"failureMessages":[],"meta":{},"tags":[]},{"ancestorTitles":["useStyleVocal","setStyleText"],"fullName":"useStyleVocal setStyleText should update styleText","status":"passed","title":"should update styleText","duration":34.79080000000022,"failureMessages":[],"meta":{},"tags":[]},{"ancestorTitles":["useStyleVocal","setVocalText"],"fullName":"useStyleVocal setVocalText should update vocalText","status":"passed","title":"should update vocalText","duration":12.97440000000006,"failureMessages":[],"meta":{},"tags":[]},{"ancestorTitles":["useStyleVocal","reset"],"fullName":"useStyleVocal reset should reset both texts","status":"passed","title":"should reset both texts","duration":17.06790000000001,"failureMessages":[],"meta":{},"tags":[]},{"ancestorTitles":["useStyleVocal","onChange callback"],"fullName":"useStyleVocal onChange callback should call onChange when styleText changes","status":"passed","title":"should call onChange when styleText changes","duration":5.697400000000016,"failureMessages":[],"meta":{},"tags":[]},{"ancestorTitles":["useStyleVocal","onChange callback"],"fullName":"useStyleVocal onChange callback should call onChange when vocalText changes","status":"passed","title":"should call onChange when vocalText changes","duration":2.431799999999839,"failureMessages":[],"meta":{},"tags":[]}],"startTime":1783030375811,"endTime":1783030375943.432,"status":"passed","message":"","name":"C:/Users/ryo-n/Codex_dev/LyricLytic/src/test/useStyleVocal.test.ts"},{"assertionResults":[{"ancestorTitles":["useUIState","dialogs"],"fullName":"useUIState dialogs should have all dialogs closed initially","status":"passed","title":"should have all dialogs closed initially","duration":20.56179999999995,"failureMessages":[],"meta":{},"tags":[]},{"ancestorTitles":["useUIState","dialogs"],"fullName":"useUIState dialogs should toggle delete dialog","status":"passed","title":"should toggle delete dialog","duration":4.692900000000009,"failureMessages":[],"meta":{},"tags":[]},{"ancestorTitles":["useUIState","dialogs"],"fullName":"useUIState dialogs should toggle diff viewer","status":"passed","title":"should toggle diff viewer","duration":2.7779999999997926,"failureMessages":[],"meta":{},"tags":[]},{"ancestorTitles":["useUIState","dialogs"],"fullName":"useUIState dialogs should toggle export panel","status":"passed","title":"should toggle export panel","duration":3.1925999999998567,"failureMessages":[],"meta":{},"tags":[]},{"ancestorTitles":["useUIState","dialogs"],"fullName":"useUIState dialogs should toggle import dialog","status":"passed","title":"should toggle import dialog","duration":2.671599999999671,"failureMessages":[],"meta":{},"tags":[]},{"ancestorTitles":["useUIState","dialogs"],"fullName":"useUIState dialogs should allow multiple dialogs open simultaneously","status":"passed","title":"should allow multiple dialogs open simultaneously","duration":2.106999999999971,"failureMessages":[],"meta":{},"tags":[]},{"ancestorTitles":["useUIState","toasts"],"fullName":"useUIState toasts should have all toasts hidden initially","status":"passed","title":"should have all toasts hidden initially","duration":1.9242000000003827,"failureMessages":[],"meta":{},"tags":[]},{"ancestorTitles":["useUIState","toasts"],"fullName":"useUIState toasts should show save toast temporarily","status":"passed","title":"should show save toast temporarily","duration":2.952400000000125,"failureMessages":[],"meta":{},"tags":[]},{"ancestorTitles":["useUIState","toasts"],"fullName":"useUIState toasts should show hide toast temporarily","status":"passed","title":"should show hide toast temporarily","duration":2.098399999999856,"failureMessages":[],"meta":{},"tags":[]},{"ancestorTitles":["useUIState","toasts"],"fullName":"useUIState toasts should show all copy feedback temporarily","status":"passed","title":"should show all copy feedback temporarily","duration":2.140899999999874,"failureMessages":[],"meta":{},"tags":[]},{"ancestorTitles":["useUIState","toasts"],"fullName":"useUIState toasts should show lyrics only copy feedback temporarily","status":"passed","title":"should show lyrics only copy feedback temporarily","duration":1.6924999999996544,"failureMessages":[],"meta":{},"tags":[]},{"ancestorTitles":["useUIState","toasts"],"fullName":"useUIState toasts should reset timer when showSaveToast called multiple times","status":"passed","title":"should reset timer when showSaveToast called multiple times","duration":2.1133999999997286,"failureMessages":[],"meta":{},"tags":[]},{"ancestorTitles":["useUIState","toasts"],"fullName":"useUIState toasts should reset timer when showAllCopyFeedback called multiple times","status":"passed","title":"should reset timer when showAllCopyFeedback called multiple times","duration":1.687800000000152,"failureMessages":[],"meta":{},"tags":[]},{"ancestorTitles":["useUIState","toasts"],"fullName":"useUIState toasts should allow multiple toasts visible simultaneously","status":"passed","title":"should allow multiple toasts visible simultaneously","duration":1.6786000000001877,"failureMessages":[],"meta":{},"tags":[]}],"startTime":1783030372697,"endTime":1783030372749.6787,"status":"passed","message":"","name":"C:/Users/ryo-n/Codex_dev/LyricLytic/src/test/useUIState.test.ts"}]}