{"numTotalTestSuites":351,"numPassedTestSuites":351,"numFailedTestSuites":0,"numPendingTestSuites":0,"numTotalTests":1335,"numPassedTests":1335,"numFailedTests":0,"numPendingTests":0,"numTodoTests":0,"snapshot":{"added":0,"failure":false,"filesAdded":0,"filesRemoved":0,"filesRemovedList":[],"filesUnmatched":0,"filesUpdated":0,"matched":0,"total":0,"unchecked":0,"uncheckedKeysByFile":[],"unmatched":0,"updated":0,"didUpdate":false},"startTime":1783028839548,"success":true,"testResults":[{"assertionResults":[{"ancestorTitles":["API Client","error handling"],"fullName":"API Client error handling should wrap errors with command name","status":"passed","title":"should wrap errors with command name","duration":4.602600000000166,"failureMessages":[],"meta":{},"tags":[]},{"ancestorTitles":["API Client","error handling"],"fullName":"API Client error handling should handle non-Error throws","status":"passed","title":"should handle non-Error throws","duration":0.6103000000002794,"failureMessages":[],"meta":{},"tags":[]},{"ancestorTitles":["API Client","mock support"],"fullName":"API Client mock support should use window.__TAURI_MOCK__ when available","status":"passed","title":"should use window.__TAURI_MOCK__ when available","duration":2.001800000000003,"failureMessages":[],"meta":{},"tags":[]},{"ancestorTitles":["API Client","Projects API","getProjects"],"fullName":"API Client Projects API getProjects should call get_projects command","status":"passed","title":"should call get_projects command","duration":0.6093000000000757,"failureMessages":[],"meta":{},"tags":[]},{"ancestorTitles":["API Client","Projects API","createProject"],"fullName":"API Client Projects API createProject should call create_project with input","status":"passed","title":"should call create_project with input","duration":1.1156000000000859,"failureMessages":[],"meta":{},"tags":[]},{"ancestorTitles":["API Client","Projects API","getProject"],"fullName":"API Client Projects API getProject should call get_project with projectId","status":"passed","title":"should call get_project with projectId","duration":0.5385000000001128,"failureMessages":[],"meta":{},"tags":[]},{"ancestorTitles":["API Client","Projects API","updateProject"],"fullName":"API Client Projects API updateProject should call update_project with projectId and input","status":"passed","title":"should call update_project with projectId and input","duration":0.527599999999893,"failureMessages":[],"meta":{},"tags":[]},{"ancestorTitles":["API Client","Projects API","deleteProject"],"fullName":"API Client Projects API deleteProject should call delete_project with projectId","status":"passed","title":"should call delete_project with projectId","duration":0.40730000000030486,"failureMessages":[],"meta":{},"tags":[]},{"ancestorTitles":["API Client","Drafts API","getWorkingDraft"],"fullName":"API Client Drafts API getWorkingDraft should call get_working_draft with projectId","status":"passed","title":"should call get_working_draft with projectId","duration":0.5312999999996464,"failureMessages":[],"meta":{},"tags":[]},{"ancestorTitles":["API Client","Drafts API","getWorkingDraft"],"fullName":"API Client Drafts API getWorkingDraft should return null when no draft exists","status":"passed","title":"should return null when no draft exists","duration":0.40770000000020445,"failureMessages":[],"meta":{},"tags":[]},{"ancestorTitles":["API Client","Drafts API","getDraftSections"],"fullName":"API Client Drafts API getDraftSections should call get_draft_sections with workingDraftId","status":"passed","title":"should call get_draft_sections with workingDraftId","duration":0.4173999999998159,"failureMessages":[],"meta":{},"tags":[]},{"ancestorTitles":["API Client","Drafts API","saveDraft"],"fullName":"API Client Drafts API saveDraft should call save_draft with input","status":"passed","title":"should call save_draft with input","duration":0.43260000000009313,"failureMessages":[],"meta":{},"tags":[]},{"ancestorTitles":["API Client","Versions API","getVersions"],"fullName":"API Client Versions API getVersions should call get_versions with projectId","status":"passed","title":"should call get_versions with projectId","duration":0.41740000000027067,"failureMessages":[],"meta":{},"tags":[]},{"ancestorTitles":["API Client","Versions API","createVersion"],"fullName":"API Client Versions API createVersion should call create_version with input","status":"passed","title":"should call create_version with input","duration":0.38160000000016225,"failureMessages":[],"meta":{},"tags":[]},{"ancestorTitles":["API Client","Versions API","deleteVersion"],"fullName":"API Client Versions API deleteVersion should call delete_version with lyricVersionId","status":"passed","title":"should call delete_version with lyricVersionId","duration":0.2925999999997657,"failureMessages":[],"meta":{},"tags":[]},{"ancestorTitles":["API Client","Fragments API","getFragments"],"fullName":"API Client Fragments API getFragments should call get_fragments with projectId","status":"passed","title":"should call get_fragments with projectId","duration":0.35789999999997235,"failureMessages":[],"meta":{},"tags":[]},{"ancestorTitles":["API Client","Fragments API","createFragment"],"fullName":"API Client Fragments API createFragment should call create_fragment with input","status":"passed","title":"should call create_fragment with input","duration":0.34009999999989304,"failureMessages":[],"meta":{},"tags":[]},{"ancestorTitles":["API Client","Fragments API","deleteFragment"],"fullName":"API Client Fragments API deleteFragment should call delete_fragment with fragmentId","status":"passed","title":"should call delete_fragment with fragmentId","duration":0.2617000000000189,"failureMessages":[],"meta":{},"tags":[]},{"ancestorTitles":["API Client","Song Artifacts API","getSongArtifacts"],"fullName":"API Client Song Artifacts API getSongArtifacts should call get_song_artifacts with projectId","status":"passed","title":"should call get_song_artifacts with projectId","duration":0.3144999999999527,"failureMessages":[],"meta":{},"tags":[]},{"ancestorTitles":["API Client","Song Artifacts API","createSongArtifact"],"fullName":"API Client Song Artifacts API createSongArtifact should call create_song_artifact with input","status":"passed","title":"should call create_song_artifact with input","duration":0.3478999999997541,"failureMessages":[],"meta":{},"tags":[]},{"ancestorTitles":["API Client","Song Artifacts API","deleteSongArtifact"],"fullName":"API Client Song Artifacts API deleteSongArtifact should call delete_song_artifact with artifactId","status":"passed","title":"should call delete_song_artifact with artifactId","duration":0.2600999999999658,"failureMessages":[],"meta":{},"tags":[]},{"ancestorTitles":["API Client","Revision Notes API","getRevisionNotes"],"fullName":"API Client Revision Notes API getRevisionNotes should call get_revision_notes with lyricVersionId","status":"passed","title":"should call get_revision_notes with lyricVersionId","duration":0.25529999999980646,"failureMessages":[],"meta":{},"tags":[]},{"ancestorTitles":["API Client","Revision Notes API","createRevisionNote"],"fullName":"API Client Revision Notes API createRevisionNote should call create_revision_note with input","status":"passed","title":"should call create_revision_note with input","duration":0.30389999999988504,"failureMessages":[],"meta":{},"tags":[]},{"ancestorTitles":["API Client","Revision Notes API","deleteRevisionNote"],"fullName":"API Client Revision Notes API deleteRevisionNote should call delete_revision_note with noteId","status":"passed","title":"should call delete_revision_note with noteId","duration":0.24659999999994398,"failureMessages":[],"meta":{},"tags":[]},{"ancestorTitles":["API Client","Style Profiles API","getStyleProfile"],"fullName":"API Client Style Profiles API getStyleProfile should call get_style_profile with projectId","status":"passed","title":"should call get_style_profile with projectId","duration":0.2901000000001659,"failureMessages":[],"meta":{},"tags":[]},{"ancestorTitles":["API Client","Style Profiles API","getStyleProfile"],"fullName":"API Client Style Profiles API getStyleProfile should return null when no profile exists","status":"passed","title":"should return null when no profile exists","duration":0.18460000000004584,"failureMessages":[],"meta":{},"tags":[]},{"ancestorTitles":["API Client","Style Profiles API","createStyleProfile"],"fullName":"API Client Style Profiles API createStyleProfile should call create_style_profile with input","status":"passed","title":"should call create_style_profile with input","duration":0.3431000000000495,"failureMessages":[],"meta":{},"tags":[]},{"ancestorTitles":["API Client","Style Profiles API","updateStyleProfile"],"fullName":"API Client Style Profiles API updateStyleProfile should call update_style_profile with profileId and input","status":"passed","title":"should call update_style_profile with profileId and input","duration":0.32409999999981665,"failureMessages":[],"meta":{},"tags":[]},{"ancestorTitles":["API Client","Style Profiles API","deleteStyleProfile"],"fullName":"API Client Style Profiles API deleteStyleProfile should call delete_style_profile with profileId","status":"passed","title":"should call delete_style_profile with profileId","duration":0.29290000000037253,"failureMessages":[],"meta":{},"tags":[]},{"ancestorTitles":["API Client","Export API","exportProject"],"fullName":"API Client Export API exportProject should call export_project with input","status":"passed","title":"should call export_project with input","duration":0.4511000000002241,"failureMessages":[],"meta":{},"tags":[]},{"ancestorTitles":["API Client","LLM Runtime API","startLlamaCppRuntime"],"fullName":"API Client LLM Runtime API startLlamaCppRuntime should call start_llama_cpp_runtime with input","status":"passed","title":"should call start_llama_cpp_runtime with input","duration":0.3589999999999236,"failureMessages":[],"meta":{},"tags":[]},{"ancestorTitles":["API Client","LLM Runtime API","stopLlamaCppRuntime"],"fullName":"API Client LLM Runtime API stopLlamaCppRuntime should call stop_llama_cpp_runtime","status":"passed","title":"should call stop_llama_cpp_runtime","duration":0.28250000000025466,"failureMessages":[],"meta":{},"tags":[]},{"ancestorTitles":["API Client","LLM Runtime API","getLlamaCppRuntimeStatus"],"fullName":"API Client LLM Runtime API getLlamaCppRuntimeStatus should call get_llama_cpp_runtime_status","status":"passed","title":"should call get_llama_cpp_runtime_status","duration":0.26809999999977663,"failureMessages":[],"meta":{},"tags":[]},{"ancestorTitles":["API Client","LLM Runtime API","detectLlamaCppExecutable"],"fullName":"API Client LLM Runtime API detectLlamaCppExecutable should call detect_llama_cpp_executable","status":"passed","title":"should call detect_llama_cpp_executable","duration":0.3204000000000633,"failureMessages":[],"meta":{},"tags":[]},{"ancestorTitles":["API Client","LLM Runtime API","analyzeRhymeText"],"fullName":"API Client LLM Runtime API analyzeRhymeText should call analyze_rhyme_text with text","status":"passed","title":"should call analyze_rhyme_text with text","duration":0.35760000000027503,"failureMessages":[],"meta":{},"tags":[]},{"ancestorTitles":["API Client","Trash API","getDeletedItems"],"fullName":"API Client Trash API getDeletedItems should call get_deleted_items","status":"passed","title":"should call get_deleted_items","duration":0.23649999999997817,"failureMessages":[],"meta":{},"tags":[]},{"ancestorTitles":["API Client","Trash API","getDeletedProjects"],"fullName":"API Client Trash API getDeletedProjects should call get_deleted_projects","status":"passed","title":"should call get_deleted_projects","duration":0.2240999999999076,"failureMessages":[],"meta":{},"tags":[]},{"ancestorTitles":["API Client","Trash API","restoreProject"],"fullName":"API Client Trash API restoreProject should call restore_project with projectId and batchId","status":"passed","title":"should call restore_project with projectId and batchId","duration":0.3043000000002394,"failureMessages":[],"meta":{},"tags":[]},{"ancestorTitles":["API Client","Trash API","restoreVersion"],"fullName":"API Client Trash API restoreVersion should call restore_version with lyricVersionId and batchId","status":"passed","title":"should call restore_version with lyricVersionId and batchId","duration":0.23800000000028376,"failureMessages":[],"meta":{},"tags":[]},{"ancestorTitles":["API Client","Trash API","restoreFragment"],"fullName":"API Client Trash API restoreFragment should call restore_fragment with fragmentId and batchId","status":"passed","title":"should call restore_fragment with fragmentId and batchId","duration":0.23759999999992942,"failureMessages":[],"meta":{},"tags":[]},{"ancestorTitles":["API Client","Trash API","restoreSongArtifact"],"fullName":"API Client Trash API restoreSongArtifact should call restore_song_artifact with artifactId and batchId","status":"passed","title":"should call restore_song_artifact with artifactId and batchId","duration":0.22659999999996217,"failureMessages":[],"meta":{},"tags":[]},{"ancestorTitles":["API Client","Trash API","restoreStyleProfile"],"fullName":"API Client Trash API restoreStyleProfile should call restore_style_profile with profileId and batchId","status":"passed","title":"should call restore_style_profile with profileId and batchId","duration":0.2173000000002503,"failureMessages":[],"meta":{},"tags":[]},{"ancestorTitles":["API Client","Trash API","permanentlyDeleteProject"],"fullName":"API Client Trash API permanentlyDeleteProject should call permanently_delete_project","status":"passed","title":"should call permanently_delete_project","duration":0.20460000000002765,"failureMessages":[],"meta":{},"tags":[]},{"ancestorTitles":["API Client","Trash API","permanentlyDeleteVersion"],"fullName":"API Client Trash API permanentlyDeleteVersion should call permanently_delete_version","status":"passed","title":"should call permanently_delete_version","duration":0.19800000000032014,"failureMessages":[],"meta":{},"tags":[]},{"ancestorTitles":["API Client","Trash API","permanentlyDeleteFragment"],"fullName":"API Client Trash API permanentlyDeleteFragment should call permanently_delete_fragment","status":"passed","title":"should call permanently_delete_fragment","duration":0.19460000000026412,"failureMessages":[],"meta":{},"tags":[]},{"ancestorTitles":["API Client","Trash API","permanentlyDeleteSongArtifact"],"fullName":"API Client Trash API permanentlyDeleteSongArtifact should call permanently_delete_song_artifact","status":"passed","title":"should call permanently_delete_song_artifact","duration":0.20129999999971915,"failureMessages":[],"meta":{},"tags":[]},{"ancestorTitles":["API Client","Trash API","permanentlyDeleteStyleProfile"],"fullName":"API Client Trash API permanentlyDeleteStyleProfile should call permanently_delete_style_profile","status":"passed","title":"should call permanently_delete_style_profile","duration":0.20139999999992142,"failureMessages":[],"meta":{},"tags":[]},{"ancestorTitles":["API Client","Additional Version API tests","getVersion"],"fullName":"API Client Additional Version API tests getVersion should call get_version with lyricVersionId","status":"passed","title":"should call get_version with lyricVersionId","duration":0.23880000000008295,"failureMessages":[],"meta":{},"tags":[]},{"ancestorTitles":["API Client","Additional Version API tests","getVersionSections"],"fullName":"API Client Additional Version API tests getVersionSections should call get_version_sections with lyricVersionId","status":"passed","title":"should call get_version_sections with lyricVersionId","duration":0.2897000000002663,"failureMessages":[],"meta":{},"tags":[]},{"ancestorTitles":["API Client","Additional Fragment API tests","updateFragment"],"fullName":"API Client Additional Fragment API tests updateFragment should call update_fragment with fragmentId and input","status":"passed","title":"should call update_fragment with fragmentId and input","duration":0.3739999999997963,"failureMessages":[],"meta":{},"tags":[]}],"startTime":1783028848868,"endTime":1783028848893.374,"status":"passed","message":"","name":"C:/Users/ryo-n/Codex_dev/LyricLytic/src/test/api-client.test.ts"},{"assertionResults":[{"ancestorTitles":["config.ts","LAYOUT constants"],"fullName":"config.ts LAYOUT constants should have valid left pane width constraints","status":"passed","title":"should have valid left pane width constraints","duration":2.746499999999969,"failureMessages":[],"meta":{},"tags":[]},{"ancestorTitles":["config.ts","LAYOUT constants"],"fullName":"config.ts LAYOUT constants should have valid right pane width constraints","status":"passed","title":"should have valid right pane width constraints","duration":0.45659999999998035,"failureMessages":[],"meta":{},"tags":[]},{"ancestorTitles":["config.ts","LAYOUT constants"],"fullName":"config.ts LAYOUT constants should have valid section pane height constraints","status":"passed","title":"should have valid section pane height constraints","duration":0.3369999999999891,"failureMessages":[],"meta":{},"tags":[]},{"ancestorTitles":["config.ts","LAYOUT constants"],"fullName":"config.ts LAYOUT constants should be immutable (as const)","status":"passed","title":"should be immutable (as const)","duration":0.2617999999999938,"failureMessages":[],"meta":{},"tags":[]},{"ancestorTitles":["config.ts","EDITOR constants"],"fullName":"config.ts EDITOR constants should have valid ALL_SECTIONS_ID","status":"passed","title":"should have valid ALL_SECTIONS_ID","duration":0.2704000000001088,"failureMessages":[],"meta":{},"tags":[]},{"ancestorTitles":["config.ts","EDITOR constants"],"fullName":"config.ts EDITOR constants should have reasonable auto-save debounce time","status":"passed","title":"should have reasonable auto-save debounce time","duration":0.290599999999813,"failureMessages":[],"meta":{},"tags":[]},{"ancestorTitles":["config.ts","SECTION_PRESETS"],"fullName":"config.ts SECTION_PRESETS should have exactly 6 presets","status":"passed","title":"should have exactly 6 presets","duration":0.19899999999984175,"failureMessages":[],"meta":{},"tags":[]},{"ancestorTitles":["config.ts","SECTION_PRESETS"],"fullName":"config.ts SECTION_PRESETS should include all common song sections","status":"passed","title":"should include all common song sections","duration":1.507399999999734,"failureMessages":[],"meta":{},"tags":[]},{"ancestorTitles":["config.ts","SECTION_PRESETS"],"fullName":"config.ts SECTION_PRESETS should be in logical song order","status":"passed","title":"should be in logical song order","duration":0.41800000000012005,"failureMessages":[],"meta":{},"tags":[]},{"ancestorTitles":["config.ts","SECTION_PRESETS"],"fullName":"config.ts SECTION_PRESETS should be readonly array","status":"passed","title":"should be readonly array","duration":0.27640000000019427,"failureMessages":[],"meta":{},"tags":[]},{"ancestorTitles":["config.ts","COPY_OPTIONS defaults"],"fullName":"config.ts COPY_OPTIONS defaults should have include headings enabled by default","status":"passed","title":"should have include headings enabled by default","duration":0.19050000000015643,"failureMessages":[],"meta":{},"tags":[]},{"ancestorTitles":["config.ts","COPY_OPTIONS defaults"],"fullName":"config.ts COPY_OPTIONS defaults should preserve blank lines by default","status":"passed","title":"should preserve blank lines by default","duration":0.14980000000014115,"failureMessages":[],"meta":{},"tags":[]},{"ancestorTitles":["config.ts","COPY_OPTIONS defaults"],"fullName":"config.ts COPY_OPTIONS defaults should have unique storage key","status":"passed","title":"should have unique storage key","duration":0.17489999999997963,"failureMessages":[],"meta":{},"tags":[]},{"ancestorTitles":["config.ts","LLM_DEFAULTS"],"fullName":"config.ts LLM_DEFAULTS should have valid runtime","status":"passed","title":"should have valid runtime","duration":0.14200000000028012,"failureMessages":[],"meta":{},"tags":[]},{"ancestorTitles":["config.ts","LLM_DEFAULTS"],"fullName":"config.ts LLM_DEFAULTS should have localhost URL for OpenAI compatible","status":"passed","title":"should have localhost URL for OpenAI compatible","duration":0.1368999999999687,"failureMessages":[],"meta":{},"tags":[]},{"ancestorTitles":["config.ts","LLM_DEFAULTS"],"fullName":"config.ts LLM_DEFAULTS should have correct default port for OpenAI compatible","status":"passed","title":"should have correct default port for OpenAI compatible","duration":0.1283000000003085,"failureMessages":[],"meta":{},"tags":[]},{"ancestorTitles":["config.ts","LLM_DEFAULTS"],"fullName":"config.ts LLM_DEFAULTS should have reasonable timeout","status":"passed","title":"should have reasonable timeout","duration":0.156800000000203,"failureMessages":[],"meta":{},"tags":[]},{"ancestorTitles":["config.ts","LLM_DEFAULTS"],"fullName":"config.ts LLM_DEFAULTS should have reasonable max tokens","status":"passed","title":"should have reasonable max tokens","duration":0.13480000000026848,"failureMessages":[],"meta":{},"tags":[]},{"ancestorTitles":["config.ts","LLM_DEFAULTS"],"fullName":"config.ts LLM_DEFAULTS should have valid temperature range","status":"passed","title":"should have valid temperature range","duration":0.2671999999997752,"failureMessages":[],"meta":{},"tags":[]},{"ancestorTitles":["config.ts","LLM_DEFAULTS"],"fullName":"config.ts LLM_DEFAULTS should have model name defined for OpenAI compatible","status":"passed","title":"should have model name defined for OpenAI compatible","duration":0.12510000000020227,"failureMessages":[],"meta":{},"tags":[]},{"ancestorTitles":["config.ts","EXPORT settings"],"fullName":"config.ts EXPORT settings should have correct file extension","status":"passed","title":"should have correct file extension","duration":0.18739999999979773,"failureMessages":[],"meta":{},"tags":[]},{"ancestorTitles":["config.ts","EXPORT settings"],"fullName":"config.ts EXPORT settings should have descriptive filter name","status":"passed","title":"should have descriptive filter name","duration":0.14259999999967476,"failureMessages":[],"meta":{},"tags":[]},{"ancestorTitles":["config.ts","STORAGE_KEYS"],"fullName":"config.ts STORAGE_KEYS should have unique keys for each storage item","status":"passed","title":"should have unique keys for each storage item","duration":0.141399999999976,"failureMessages":[],"meta":{},"tags":[]},{"ancestorTitles":["config.ts","STORAGE_KEYS"],"fullName":"config.ts STORAGE_KEYS should all contain app prefix","status":"passed","title":"should all contain app prefix","duration":0.15830000000005384,"failureMessages":[],"meta":{},"tags":[]},{"ancestorTitles":["config.ts","STORAGE_KEYS"],"fullName":"config.ts STORAGE_KEYS should be lowercase with underscores","status":"passed","title":"should be lowercase with underscores","duration":0.1550000000002001,"failureMessages":[],"meta":{},"tags":[]},{"ancestorTitles":["config.ts","constant relationships"],"fullName":"config.ts constant relationships should have pane widths that allow reasonable UI layout","status":"passed","title":"should have pane widths that allow reasonable UI layout","duration":0.13429999999971187,"failureMessages":[],"meta":{},"tags":[]},{"ancestorTitles":["config.ts","constant relationships"],"fullName":"config.ts constant relationships should have timeout longer than auto-save debounce","status":"passed","title":"should have timeout longer than auto-save debounce","duration":0.1192999999998392,"failureMessages":[],"meta":{},"tags":[]}],"startTime":1783028850647,"endTime":1783028850658.1343,"status":"passed","message":"","name":"C:/Users/ryo-n/Codex_dev/LyricLytic/src/test/config.test.ts"},{"assertionResults":[{"ancestorTitles":["countTrailingTokenMatches"],"fullName":"countTrailingTokenMatches should count matching trailing tokens","status":"passed","title":"should count matching trailing tokens","duration":2.475500000000011,"failureMessages":[],"meta":{},"tags":[]},{"ancestorTitles":["countTrailingTokenMatches"],"fullName":"countTrailingTokenMatches should return 0 for no matches","status":"passed","title":"should return 0 for no matches","duration":0.26119999999991705,"failureMessages":[],"meta":{},"tags":[]},{"ancestorTitles":["countTrailingTokenMatches"],"fullName":"countTrailingTokenMatches should return full length for identical strings","status":"passed","title":"should return full length for identical strings","duration":0.21790000000009968,"failureMessages":[],"meta":{},"tags":[]},{"ancestorTitles":["countTrailingTokenMatches"],"fullName":"countTrailingTokenMatches should handle pipe characters","status":"passed","title":"should handle pipe characters","duration":0.22839999999996508,"failureMessages":[],"meta":{},"tags":[]},{"ancestorTitles":["countTrailingTokenMatches"],"fullName":"countTrailingTokenMatches should compare tokens after last pipe","status":"passed","title":"should compare tokens after last pipe","duration":0.21210000000019136,"failureMessages":[],"meta":{},"tags":[]},{"ancestorTitles":["countTrailingTokenMatches"],"fullName":"countTrailingTokenMatches should handle empty strings","status":"passed","title":"should handle empty strings","duration":0.22149999999965075,"failureMessages":[],"meta":{},"tags":[]},{"ancestorTitles":["countTrailingTokenMatches"],"fullName":"countTrailingTokenMatches should limit to 6 trailing tokens","status":"passed","title":"should limit to 6 trailing tokens","duration":0.19059999999990396,"failureMessages":[],"meta":{},"tags":[]},{"ancestorTitles":["countTrailingTokenMatches"],"fullName":"countTrailingTokenMatches should handle whitespace","status":"passed","title":"should handle whitespace","duration":0.19929999999976644,"failureMessages":[],"meta":{},"tags":[]}],"startTime":1783028850793,"endTime":1783028850797.2214,"status":"passed","message":"","name":"C:/Users/ryo-n/Codex_dev/LyricLytic/src/test/countTrailingTokenMatches.test.ts"},{"assertionResults":[{"ancestorTitles":["Editor utility functions","countRomanizedGuideUnits"],"fullName":"Editor utility functions countRomanizedGuideUnits should count tokens separated by spaces","status":"passed","title":"should count tokens separated by spaces","duration":1.8011999999998807,"failureMessages":[],"meta":{},"tags":[]},{"ancestorTitles":["Editor utility functions","countRomanizedGuideUnits"],"fullName":"Editor utility functions countRomanizedGuideUnits should exclude pipe characters","status":"passed","title":"should exclude pipe characters","duration":0.19020000000000437,"failureMessages":[],"meta":{},"tags":[]},{"ancestorTitles":["Editor utility functions","countRomanizedGuideUnits"],"fullName":"Editor utility functions countRomanizedGuideUnits should handle multiple pipes","status":"passed","title":"should handle multiple pipes","duration":0.12439999999969586,"failureMessages":[],"meta":{},"tags":[]},{"ancestorTitles":["Editor utility functions","countRomanizedGuideUnits"],"fullName":"Editor utility functions countRomanizedGuideUnits should handle empty string","status":"passed","title":"should handle empty string","duration":0.21590000000014697,"failureMessages":[],"meta":{},"tags":[]},{"ancestorTitles":["Editor utility functions","countRomanizedGuideUnits"],"fullName":"Editor utility functions countRomanizedGuideUnits should handle string with only pipes","status":"passed","title":"should handle string with only pipes","duration":0.17830000000003565,"failureMessages":[],"meta":{},"tags":[]},{"ancestorTitles":["Editor utility functions","countRomanizedGuideUnits"],"fullName":"Editor utility functions countRomanizedGuideUnits should handle string with only whitespace","status":"passed","title":"should handle string with only whitespace","duration":0.1190999999998894,"failureMessages":[],"meta":{},"tags":[]},{"ancestorTitles":["Editor utility functions","countRomanizedGuideUnits"],"fullName":"Editor utility functions countRomanizedGuideUnits should handle consecutive spaces","status":"passed","title":"should handle consecutive spaces","duration":0.11569999999983338,"failureMessages":[],"meta":{},"tags":[]},{"ancestorTitles":["Editor utility functions","buildLyricsOnlyBody"],"fullName":"Editor utility functions buildLyricsOnlyBody should extract bodyText from sections","status":"passed","title":"should extract bodyText from sections","duration":0.20719999999982974,"failureMessages":[],"meta":{},"tags":[]},{"ancestorTitles":["Editor utility functions","buildLyricsOnlyBody"],"fullName":"Editor utility functions buildLyricsOnlyBody should filter out empty bodyText","status":"passed","title":"should filter out empty bodyText","duration":0.15950000000020736,"failureMessages":[],"meta":{},"tags":[]},{"ancestorTitles":["Editor utility functions","buildLyricsOnlyBody"],"fullName":"Editor utility functions buildLyricsOnlyBody should trim trailing whitespace from bodyText","status":"passed","title":"should trim trailing whitespace from bodyText","duration":0.18849999999974898,"failureMessages":[],"meta":{},"tags":[]},{"ancestorTitles":["Editor utility functions","buildLyricsOnlyBody"],"fullName":"Editor utility functions buildLyricsOnlyBody should return empty string for empty sections","status":"passed","title":"should return empty string for empty sections","duration":0.10910000000012587,"failureMessages":[],"meta":{},"tags":[]},{"ancestorTitles":["Editor utility functions","buildLyricsOnlyBody"],"fullName":"Editor utility functions buildLyricsOnlyBody should return empty string when all bodyText are empty","status":"passed","title":"should return empty string when all bodyText are empty","duration":0.10239999999976135,"failureMessages":[],"meta":{},"tags":[]},{"ancestorTitles":["Editor utility functions","buildLyricsOnlyBody"],"fullName":"Editor utility functions buildLyricsOnlyBody should join sections with double newline","status":"passed","title":"should join sections with double newline","duration":0.09549999999990177,"failureMessages":[],"meta":{},"tags":[]}],"startTime":1783028850791,"endTime":1783028850795.1885,"status":"passed","message":"","name":"C:/Users/ryo-n/Codex_dev/LyricLytic/src/test/editor-utils.test.ts"},{"assertionResults":[{"ancestorTitles":["Home page language tests","Japanese display"],"fullName":"Home page language tests Japanese display should display all UI elements in Japanese by default","status":"passed","title":"should display all UI elements in Japanese by default","duration":99.6268,"failureMessages":[],"meta":{},"tags":[]},{"ancestorTitles":["Home page language tests","Japanese display"],"fullName":"Home page language tests Japanese display should show Japanese date format","status":"passed","title":"should show Japanese date format","duration":19.64850000000024,"failureMessages":[],"meta":{},"tags":[]},{"ancestorTitles":["Home page language tests","Japanese display"],"fullName":"Home page language tests Japanese display should show create form in Japanese","status":"passed","title":"should show create form in Japanese","duration":41.123999999999796,"failureMessages":[],"meta":{},"tags":[]},{"ancestorTitles":["Home page language tests","English display"],"fullName":"Home page language tests English display should display all UI elements in English","status":"passed","title":"should display all UI elements in English","duration":21.992499999999836,"failureMessages":[],"meta":{},"tags":[]},{"ancestorTitles":["Home page language tests","English display"],"fullName":"Home page language tests English display should show English date format","status":"passed","title":"should show English date format","duration":13.202099999999973,"failureMessages":[],"meta":{},"tags":[]},{"ancestorTitles":["Home page language tests","English display"],"fullName":"Home page language tests English display should show create form in English","status":"passed","title":"should show create form in English","duration":14.259399999999914,"failureMessages":[],"meta":{},"tags":[]},{"ancestorTitles":["Home page language tests","Language switching"],"fullName":"Home page language tests Language switching should update all text when language changes","status":"passed","title":"should update all text when language changes","duration":39.86519999999973,"failureMessages":[],"meta":{},"tags":[]},{"ancestorTitles":["Home page language tests","Project count display"],"fullName":"Home page language tests Project count display should show correct project count in Japanese","status":"passed","title":"should show correct project count in Japanese","duration":15.623699999999644,"failureMessages":[],"meta":{},"tags":[]},{"ancestorTitles":["Home page language tests","Project count display"],"fullName":"Home page language tests Project count display should show correct project count in English","status":"passed","title":"should show correct project count in English","duration":18.220800000000054,"failureMessages":[],"meta":{},"tags":[]},{"ancestorTitles":["Home page language tests","Subtitle translation"],"fullName":"Home page language tests Subtitle translation should show correct subtitle in Japanese","status":"passed","title":"should show correct subtitle in Japanese","duration":8.432700000000295,"failureMessages":[],"meta":{},"tags":[]},{"ancestorTitles":["Home page language tests","Subtitle translation"],"fullName":"Home page language tests Subtitle translation should show correct subtitle in English","status":"passed","title":"should show correct subtitle in English","duration":5.909799999999905,"failureMessages":[],"meta":{},"tags":[]}],"startTime":1783028842735,"endTime":1783028843033.91,"status":"passed","message":"","name":"C:/Users/ryo-n/Codex_dev/LyricLytic/src/test/Home.test.tsx"},{"assertionResults":[{"ancestorTitles":["Translation key coverage","Japanese translations"],"fullName":"Translation key coverage Japanese translations should have Japanese translation for key: appTitle","status":"passed","title":"should have Japanese translation for key: appTitle","duration":33.50540000000001,"failureMessages":[],"meta":{},"tags":[]},{"ancestorTitles":["Translation key coverage","Japanese translations"],"fullName":"Translation key coverage Japanese translations should have Japanese translation for key: subtitle","status":"passed","title":"should have Japanese translation for key: subtitle","duration":4.873499999999694,"failureMessages":[],"meta":{},"tags":[]},{"ancestorTitles":["Translation key coverage","Japanese translations"],"fullName":"Translation key coverage Japanese translations should have Japanese translation for key: projects","status":"passed","title":"should have Japanese translation for key: projects","duration":2.7249000000001615,"failureMessages":[],"meta":{},"tags":[]},{"ancestorTitles":["Translation key coverage","Japanese translations"],"fullName":"Translation key coverage Japanese translations should have Japanese translation for key: newProject","status":"passed","title":"should have Japanese translation for key: newProject","duration":2.694500000000062,"failureMessages":[],"meta":{},"tags":[]},{"ancestorTitles":["Translation key coverage","Japanese translations"],"fullName":"Translation key coverage Japanese translations should have Japanese translation for key: projectTitle","status":"passed","title":"should have Japanese translation for key: projectTitle","duration":2.9196999999999207,"failureMessages":[],"meta":{},"tags":[]},{"ancestorTitles":["Translation key coverage","Japanese translations"],"fullName":"Translation key coverage Japanese translations should have Japanese translation for key: create","status":"passed","title":"should have Japanese translation for key: create","duration":2.0063999999997577,"failureMessages":[],"meta":{},"tags":[]},{"ancestorTitles":["Translation key coverage","Japanese translations"],"fullName":"Translation key coverage Japanese translations should have Japanese translation for key: cancel","status":"passed","title":"should have Japanese translation for key: cancel","duration":1.8141999999998006,"failureMessages":[],"meta":{},"tags":[]},{"ancestorTitles":["Translation key coverage","Japanese translations"],"fullName":"Translation key coverage Japanese translations should have Japanese translation for key: loading","status":"passed","title":"should have Japanese translation for key: loading","duration":7.009499999999662,"failureMessages":[],"meta":{},"tags":[]},{"ancestorTitles":["Translation key coverage","Japanese translations"],"fullName":"Translation key coverage Japanese translations should have Japanese translation for key: noProjects","status":"passed","title":"should have Japanese translation for key: noProjects","duration":2.060699999999997,"failureMessages":[],"meta":{},"tags":[]},{"ancestorTitles":["Translation key coverage","Japanese translations"],"fullName":"Translation key coverage Japanese translations should have Japanese translation for key: deleteProject","status":"passed","title":"should have Japanese translation for key: deleteProject","duration":1.9877000000001317,"failureMessages":[],"meta":{},"tags":[]},{"ancestorTitles":["Translation key coverage","Japanese translations"],"fullName":"Translation key coverage Japanese translations should have Japanese translation for key: deleteConfirm","status":"passed","title":"should have Japanese translation for key: deleteConfirm","duration":1.4360000000001492,"failureMessages":[],"meta":{},"tags":[]},{"ancestorTitles":["Translation key coverage","Japanese translations"],"fullName":"Translation key coverage Japanese translations should have Japanese translation for key: deleteFailed","status":"passed","title":"should have Japanese translation for key: deleteFailed","duration":1.3258999999998196,"failureMessages":[],"meta":{},"tags":[]},{"ancestorTitles":["Translation key coverage","Japanese translations"],"fullName":"Translation key coverage Japanese translations should have Japanese translation for key: createFailed","status":"passed","title":"should have Japanese translation for key: createFailed","duration":1.1058000000002721,"failureMessages":[],"meta":{},"tags":[]},{"ancestorTitles":["Translation key coverage","Japanese translations"],"fullName":"Translation key coverage Japanese translations should have Japanese translation for key: loadFailed","status":"passed","title":"should have Japanese translation for key: loadFailed","duration":1.0129000000001724,"failureMessages":[],"meta":{},"tags":[]},{"ancestorTitles":["Translation key coverage","Japanese translations"],"fullName":"Translation key coverage Japanese translations should have Japanese translation for key: trash","status":"passed","title":"should have Japanese translation for key: trash","duration":1.1019000000001142,"failureMessages":[],"meta":{},"tags":[]},{"ancestorTitles":["Translation key coverage","Japanese translations"],"fullName":"Translation key coverage Japanese translations should have Japanese translation for key: deletedProjects","status":"passed","title":"should have Japanese translation for key: deletedProjects","duration":1.9225999999998749,"failureMessages":[],"meta":{},"tags":[]},{"ancestorTitles":["Translation key coverage","Japanese translations"],"fullName":"Translation key coverage Japanese translations should have Japanese translation for key: deletedItems","status":"passed","title":"should have Japanese translation for key: deletedItems","duration":1.4364999999997963,"failureMessages":[],"meta":{},"tags":[]},{"ancestorTitles":["Translation key coverage","Japanese translations"],"fullName":"Translation key coverage Japanese translations should have Japanese translation for key: noDeleted","status":"passed","title":"should have Japanese translation for key: noDeleted","duration":1.2495999999996457,"failureMessages":[],"meta":{},"tags":[]},{"ancestorTitles":["Translation key coverage","Japanese translations"],"fullName":"Translation key coverage Japanese translations should have Japanese translation for key: noDeletedItems","status":"passed","title":"should have Japanese translation for key: noDeletedItems","duration":1.2879000000002634,"failureMessages":[],"meta":{},"tags":[]},{"ancestorTitles":["Translation key coverage","Japanese translations"],"fullName":"Translation key coverage Japanese translations should have Japanese translation for key: restore","status":"passed","title":"should have Japanese translation for key: restore","duration":1.194300000000112,"failureMessages":[],"meta":{},"tags":[]},{"ancestorTitles":["Translation key coverage","Japanese translations"],"fullName":"Translation key coverage Japanese translations should have Japanese translation for key: deletedLabel","status":"passed","title":"should have Japanese translation for key: deletedLabel","duration":1.1471000000001368,"failureMessages":[],"meta":{},"tags":[]},{"ancestorTitles":["Translation key coverage","Japanese translations"],"fullName":"Translation key coverage Japanese translations should have Japanese translation for key: close","status":"passed","title":"should have Japanese translation for key: close","duration":1.1945999999998094,"failureMessages":[],"meta":{},"tags":[]},{"ancestorTitles":["Translation key coverage","Japanese translations"],"fullName":"Translation key coverage Japanese translations should have Japanese translation for key: more","status":"passed","title":"should have Japanese translation for key: more","duration":1.2611000000001695,"failureMessages":[],"meta":{},"tags":[]},{"ancestorTitles":["Translation key coverage","Japanese translations"],"fullName":"Translation key coverage Japanese translations should have Japanese translation for key: footerText","status":"passed","title":"should have Japanese translation for key: footerText","duration":1.1136000000001332,"failureMessages":[],"meta":{},"tags":[]},{"ancestorTitles":["Translation key coverage","Japanese translations"],"fullName":"Translation key coverage Japanese translations should have Japanese translation for key: loadingProject","status":"passed","title":"should have Japanese translation for key: loadingProject","duration":1.0695999999998094,"failureMessages":[],"meta":{},"tags":[]},{"ancestorTitles":["Translation key coverage","Japanese translations"],"fullName":"Translation key coverage Japanese translations should have Japanese translation for key: projectNotFound","status":"passed","title":"should have Japanese translation for key: projectNotFound","duration":1.1979000000001179,"failureMessages":[],"meta":{},"tags":[]},{"ancestorTitles":["Translation key coverage","Japanese translations"],"fullName":"Translation key coverage Japanese translations should have Japanese translation for key: autoSaveFailed","status":"passed","title":"should have Japanese translation for key: autoSaveFailed","duration":1.2498000000000502,"failureMessages":[],"meta":{},"tags":[]},{"ancestorTitles":["Translation key coverage","Japanese translations"],"fullName":"Translation key coverage Japanese translations should have Japanese translation for key: saveSnapshotFailed","status":"passed","title":"should have Japanese translation for key: saveSnapshotFailed","duration":1.4497000000001208,"failureMessages":[],"meta":{},"tags":[]},{"ancestorTitles":["Translation key coverage","Japanese translations"],"fullName":"Translation key coverage Japanese translations should have Japanese translation for key: language","status":"passed","title":"should have Japanese translation for key: language","duration":1.3854999999998654,"failureMessages":[],"meta":{},"tags":[]},{"ancestorTitles":["Translation key coverage","Japanese translations"],"fullName":"Translation key coverage Japanese translations should have Japanese translation for key: japanese","status":"passed","title":"should have Japanese translation for key: japanese","duration":1.330500000000029,"failureMessages":[],"meta":{},"tags":[]},{"ancestorTitles":["Translation key coverage","Japanese translations"],"fullName":"Translation key coverage Japanese translations should have Japanese translation for key: english","status":"passed","title":"should have Japanese translation for key: english","duration":1.3108000000001994,"failureMessages":[],"meta":{},"tags":[]},{"ancestorTitles":["Translation key coverage","English translations"],"fullName":"Translation key coverage English translations should have English translation for key: appTitle","status":"passed","title":"should have English translation for key: appTitle","duration":2.6125999999999294,"failureMessages":[],"meta":{},"tags":[]},{"ancestorTitles":["Translation key coverage","English translations"],"fullName":"Translation key coverage English translations should have English translation for key: subtitle","status":"passed","title":"should have English translation for key: subtitle","duration":1.8659999999999854,"failureMessages":[],"meta":{},"tags":[]},{"ancestorTitles":["Translation key coverage","English translations"],"fullName":"Translation key coverage English translations should have English translation for key: projects","status":"passed","title":"should have English translation for key: projects","duration":5.387000000000171,"failureMessages":[],"meta":{},"tags":[]},{"ancestorTitles":["Translation key coverage","English translations"],"fullName":"Translation key coverage English translations should have English translation for key: newProject","status":"passed","title":"should have English translation for key: newProject","duration":1.7627999999999702,"failureMessages":[],"meta":{},"tags":[]},{"ancestorTitles":["Translation key coverage","English translations"],"fullName":"Translation key coverage English translations should have English translation for key: projectTitle","status":"passed","title":"should have English translation for key: projectTitle","duration":6.092499999999745,"failureMessages":[],"meta":{},"tags":[]},{"ancestorTitles":["Translation key coverage","English translations"],"fullName":"Translation key coverage English translations should have English translation for key: create","status":"passed","title":"should have English translation for key: create","duration":11.802100000000337,"failureMessages":[],"meta":{},"tags":[]},{"ancestorTitles":["Translation key coverage","English translations"],"fullName":"Translation key coverage English translations should have English translation for key: cancel","status":"passed","title":"should have English translation for key: cancel","duration":1.496900000000096,"failureMessages":[],"meta":{},"tags":[]},{"ancestorTitles":["Translation key coverage","English translations"],"fullName":"Translation key coverage English translations should have English translation for key: loading","status":"passed","title":"should have English translation for key: loading","duration":1.0951000000000022,"failureMessages":[],"meta":{},"tags":[]},{"ancestorTitles":["Translation key coverage","English translations"],"fullName":"Translation key coverage English translations should have English translation for key: noProjects","status":"passed","title":"should have English translation for key: noProjects","duration":1.5675999999998567,"failureMessages":[],"meta":{},"tags":[]},{"ancestorTitles":["Translation key coverage","English translations"],"fullName":"Translation key coverage English translations should have English translation for key: deleteProject","status":"passed","title":"should have English translation for key: deleteProject","duration":1.7082000000000335,"failureMessages":[],"meta":{},"tags":[]},{"ancestorTitles":["Translation key coverage","English translations"],"fullName":"Translation key coverage English translations should have English translation for key: deleteConfirm","status":"passed","title":"should have English translation for key: deleteConfirm","duration":9.5317,"failureMessages":[],"meta":{},"tags":[]},{"ancestorTitles":["Translation key coverage","English translations"],"fullName":"Translation key coverage English translations should have English translation for key: deleteFailed","status":"passed","title":"should have English translation for key: deleteFailed","duration":1.5580999999997402,"failureMessages":[],"meta":{},"tags":[]},{"ancestorTitles":["Translation key coverage","English translations"],"fullName":"Translation key coverage English translations should have English translation for key: createFailed","status":"passed","title":"should have English translation for key: createFailed","duration":1.8908000000001266,"failureMessages":[],"meta":{},"tags":[]},{"ancestorTitles":["Translation key coverage","English translations"],"fullName":"Translation key coverage English translations should have English translation for key: loadFailed","status":"passed","title":"should have English translation for key: loadFailed","duration":1.6127000000001317,"failureMessages":[],"meta":{},"tags":[]},{"ancestorTitles":["Translation key coverage","English translations"],"fullName":"Translation key coverage English translations should have English translation for key: trash","status":"passed","title":"should have English translation for key: trash","duration":15.551900000000387,"failureMessages":[],"meta":{},"tags":[]},{"ancestorTitles":["Translation key coverage","English translations"],"fullName":"Translation key coverage English translations should have English translation for key: deletedProjects","status":"passed","title":"should have English translation for key: deletedProjects","duration":4.157000000000153,"failureMessages":[],"meta":{},"tags":[]},{"ancestorTitles":["Translation key coverage","English translations"],"fullName":"Translation key coverage English translations should have English translation for key: deletedItems","status":"passed","title":"should have English translation for key: deletedItems","duration":2.3908000000001266,"failureMessages":[],"meta":{},"tags":[]},{"ancestorTitles":["Translation key coverage","English translations"],"fullName":"Translation key coverage English translations should have English translation for key: noDeleted","status":"passed","title":"should have English translation for key: noDeleted","duration":1.4432999999999083,"failureMessages":[],"meta":{},"tags":[]},{"ancestorTitles":["Translation key coverage","English translations"],"fullName":"Translation key coverage English translations should have English translation for key: noDeletedItems","status":"passed","title":"should have English translation for key: noDeletedItems","duration":1.8231999999998152,"failureMessages":[],"meta":{},"tags":[]},{"ancestorTitles":["Translation key coverage","English translations"],"fullName":"Translation key coverage English translations should have English translation for key: restore","status":"passed","title":"should have English translation for key: restore","duration":14.502199999999903,"failureMessages":[],"meta":{},"tags":[]},{"ancestorTitles":["Translation key coverage","English translations"],"fullName":"Translation key coverage English translations should have English translation for key: deletedLabel","status":"passed","title":"should have English translation for key: deletedLabel","duration":4.546299999999974,"failureMessages":[],"meta":{},"tags":[]},{"ancestorTitles":["Translation key coverage","English translations"],"fullName":"Translation key coverage English translations should have English translation for key: close","status":"passed","title":"should have English translation for key: close","duration":6.133600000000115,"failureMessages":[],"meta":{},"tags":[]},{"ancestorTitles":["Translation key coverage","English translations"],"fullName":"Translation key coverage English translations should have English translation for key: more","status":"passed","title":"should have English translation for key: more","duration":1.5607999999997446,"failureMessages":[],"meta":{},"tags":[]},{"ancestorTitles":["Translation key coverage","English translations"],"fullName":"Translation key coverage English translations should have English translation for key: footerText","status":"passed","title":"should have English translation for key: footerText","duration":4.109100000000126,"failureMessages":[],"meta":{},"tags":[]},{"ancestorTitles":["Translation key coverage","English translations"],"fullName":"Translation key coverage English translations should have English translation for key: loadingProject","status":"passed","title":"should have English translation for key: loadingProject","duration":1.5557000000003427,"failureMessages":[],"meta":{},"tags":[]},{"ancestorTitles":["Translation key coverage","English translations"],"fullName":"Translation key coverage English translations should have English translation for key: projectNotFound","status":"passed","title":"should have English translation for key: projectNotFound","duration":9.00149999999985,"failureMessages":[],"meta":{},"tags":[]},{"ancestorTitles":["Translation key coverage","English translations"],"fullName":"Translation key coverage English translations should have English translation for key: autoSaveFailed","status":"passed","title":"should have English translation for key: autoSaveFailed","duration":1.4037999999995918,"failureMessages":[],"meta":{},"tags":[]},{"ancestorTitles":["Translation key coverage","English translations"],"fullName":"Translation key coverage English translations should have English translation for key: saveSnapshotFailed","status":"passed","title":"should have English translation for key: saveSnapshotFailed","duration":1.2171000000003005,"failureMessages":[],"meta":{},"tags":[]},{"ancestorTitles":["Translation key coverage","English translations"],"fullName":"Translation key coverage English translations should have English translation for key: language","status":"passed","title":"should have English translation for key: language","duration":1.393000000000029,"failureMessages":[],"meta":{},"tags":[]},{"ancestorTitles":["Translation key coverage","English translations"],"fullName":"Translation key coverage English translations should have English translation for key: japanese","status":"passed","title":"should have English translation for key: japanese","duration":1.3433999999997468,"failureMessages":[],"meta":{},"tags":[]},{"ancestorTitles":["Translation key coverage","English translations"],"fullName":"Translation key coverage English translations should have English translation for key: english","status":"passed","title":"should have English translation for key: english","duration":1.8485000000000582,"failureMessages":[],"meta":{},"tags":[]},{"ancestorTitles":["Language detection and initialization"],"fullName":"Language detection and initialization should detect Japanese from localStorage","status":"passed","title":"should detect Japanese from localStorage","duration":4.475799999999708,"failureMessages":[],"meta":{},"tags":[]},{"ancestorTitles":["Language detection and initialization"],"fullName":"Language detection and initialization should detect English from localStorage","status":"passed","title":"should detect English from localStorage","duration":9.642399999999725,"failureMessages":[],"meta":{},"tags":[]},{"ancestorTitles":["Language detection and initialization"],"fullName":"Language detection and initialization should default to Japanese for empty localStorage","status":"passed","title":"should default to Japanese for empty localStorage","duration":8.760400000000118,"failureMessages":[],"meta":{},"tags":[]},{"ancestorTitles":["Language detection and initialization"],"fullName":"Language detection and initialization should default to Japanese for invalid localStorage value","status":"passed","title":"should default to Japanese for invalid localStorage value","duration":2.3939000000000306,"failureMessages":[],"meta":{},"tags":[]},{"ancestorTitles":["Language detection and initialization"],"fullName":"Language detection and initialization should default to Japanese for undefined localStorage value","status":"passed","title":"should default to Japanese for undefined localStorage value","duration":2.2316000000000713,"failureMessages":[],"meta":{},"tags":[]},{"ancestorTitles":["Language detection and initialization"],"fullName":"Language detection and initialization should handle corrupted localStorage gracefully","status":"passed","title":"should handle corrupted localStorage gracefully","duration":1.6363999999998668,"failureMessages":[],"meta":{},"tags":[]},{"ancestorTitles":["Concurrent state updates"],"fullName":"Concurrent state updates should handle rapid language switches correctly","status":"passed","title":"should handle rapid language switches correctly","duration":27.148400000000038,"failureMessages":[],"meta":{},"tags":[]},{"ancestorTitles":["Concurrent state updates"],"fullName":"Concurrent state updates should maintain translation consistency during rapid switches","status":"passed","title":"should maintain translation consistency during rapid switches","duration":14.393899999999576,"failureMessages":[],"meta":{},"tags":[]},{"ancestorTitles":["Provider nesting"],"fullName":"Provider nesting should create isolated contexts for nested providers","status":"passed","title":"should create isolated contexts for nested providers","duration":14.032200000000103,"failureMessages":[],"meta":{},"tags":[]},{"ancestorTitles":["Performance and memory"],"fullName":"Performance and memory should handle many translation calls efficiently","status":"passed","title":"should handle many translation calls efficiently","duration":28.340300000000298,"failureMessages":[],"meta":{},"tags":[]},{"ancestorTitles":["Performance and memory"],"fullName":"Performance and memory should not cause memory leaks on unmount","status":"passed","title":"should not cause memory leaks on unmount","duration":3.077900000000227,"failureMessages":[],"meta":{},"tags":[]},{"ancestorTitles":["Unicode and special characters"],"fullName":"Unicode and special characters should handle Unicode characters correctly in Japanese","status":"passed","title":"should handle Unicode characters correctly in Japanese","duration":5.491899999999987,"failureMessages":[],"meta":{},"tags":[]},{"ancestorTitles":["Unicode and special characters"],"fullName":"Unicode and special characters should handle Unicode characters correctly in English","status":"passed","title":"should handle Unicode characters correctly in English","duration":4.586199999999735,"failureMessages":[],"meta":{},"tags":[]}],"startTime":1783028842571,"endTime":1783028842922.5862,"status":"passed","message":"","name":"C:/Users/ryo-n/Codex_dev/LyricLytic/src/test/i18n-extended.test.tsx"},{"assertionResults":[{"ancestorTitles":["Translation key usage scenarios","Japanese translations"],"fullName":"Translation key usage scenarios Japanese translations should render all Japanese translations correctly","status":"passed","title":"should render all Japanese translations correctly","duration":48.391099999999824,"failureMessages":[],"meta":{},"tags":[]},{"ancestorTitles":["Translation key usage scenarios","English translations"],"fullName":"Translation key usage scenarios English translations should render all English translations correctly","status":"passed","title":"should render all English translations correctly","duration":10.443499999999858,"failureMessages":[],"meta":{},"tags":[]},{"ancestorTitles":["Real-time language switching"],"fullName":"Real-time language switching should update text immediately when language changes","status":"passed","title":"should update text immediately when language changes","duration":20.255699999999706,"failureMessages":[],"meta":{},"tags":[]},{"ancestorTitles":["Real-time language switching"],"fullName":"Real-time language switching should handle multiple rapid language changes","status":"passed","title":"should handle multiple rapid language changes","duration":17.152800000000298,"failureMessages":[],"meta":{},"tags":[]},{"ancestorTitles":["Real-time language switching"],"fullName":"Real-time language switching should persist the last selected language","status":"passed","title":"should persist the last selected language","duration":24.69880000000012,"failureMessages":[],"meta":{},"tags":[]},{"ancestorTitles":["Component re-rendering"],"fullName":"Component re-rendering should not cause unnecessary re-renders","status":"passed","title":"should not cause unnecessary re-renders","duration":2.4007000000001426,"failureMessages":[],"meta":{},"tags":[]},{"ancestorTitles":["Multiple components sharing context"],"fullName":"Multiple components sharing context should share language state across components","status":"passed","title":"should share language state across components","duration":288.37030000000004,"failureMessages":[],"meta":{},"tags":[]}],"startTime":1783028842625,"endTime":1783028843037.3704,"status":"passed","message":"","name":"C:/Users/ryo-n/Codex_dev/LyricLytic/src/test/i18n-scenarios.test.tsx"},{"assertionResults":[{"ancestorTitles":["i18n translations completeness"],"fullName":"i18n translations completeness should have Japanese translation for key appTitle","status":"passed","title":"should have Japanese translation for key appTitle","duration":3.247899999999845,"failureMessages":[],"meta":{},"tags":[]},{"ancestorTitles":["i18n translations completeness"],"fullName":"i18n translations completeness should have Japanese translation for key subtitle","status":"passed","title":"should have Japanese translation for key subtitle","duration":0.37980000000015934,"failureMessages":[],"meta":{},"tags":[]},{"ancestorTitles":["i18n translations completeness"],"fullName":"i18n translations completeness should have Japanese translation for key projects","status":"passed","title":"should have Japanese translation for key projects","duration":0.2689999999997781,"failureMessages":[],"meta":{},"tags":[]},{"ancestorTitles":["i18n translations completeness"],"fullName":"i18n translations completeness should have Japanese translation for key newProject","status":"passed","title":"should have Japanese translation for key newProject","duration":0.21729999999979555,"failureMessages":[],"meta":{},"tags":[]},{"ancestorTitles":["i18n translations completeness"],"fullName":"i18n translations completeness should have Japanese translation for key projectTitle","status":"passed","title":"should have Japanese translation for key projectTitle","duration":0.25250000000005457,"failureMessages":[],"meta":{},"tags":[]},{"ancestorTitles":["i18n translations completeness"],"fullName":"i18n translations completeness should have Japanese translation for key create","status":"passed","title":"should have Japanese translation for key create","duration":0.20560000000023138,"failureMessages":[],"meta":{},"tags":[]},{"ancestorTitles":["i18n translations completeness"],"fullName":"i18n translations completeness should have Japanese translation for key cancel","status":"passed","title":"should have Japanese translation for key cancel","duration":0.20980000000008658,"failureMessages":[],"meta":{},"tags":[]},{"ancestorTitles":["i18n translations completeness"],"fullName":"i18n translations completeness should have Japanese translation for key loading","status":"passed","title":"should have Japanese translation for key loading","duration":0.23260000000027503,"failureMessages":[],"meta":{},"tags":[]},{"ancestorTitles":["i18n translations completeness"],"fullName":"i18n translations completeness should have Japanese translation for key noProjects","status":"passed","title":"should have Japanese translation for key noProjects","duration":0.2536000000000058,"failureMessages":[],"meta":{},"tags":[]},{"ancestorTitles":["i18n translations completeness"],"fullName":"i18n translations completeness should have Japanese translation for key deleteProject","status":"passed","title":"should have Japanese translation for key deleteProject","duration":0.33539999999993597,"failureMessages":[],"meta":{},"tags":[]},{"ancestorTitles":["i18n translations completeness"],"fullName":"i18n translations completeness should have Japanese translation for key deleteConfirm","status":"passed","title":"should have Japanese translation for key deleteConfirm","duration":0.20649999999977808,"failureMessages":[],"meta":{},"tags":[]},{"ancestorTitles":["i18n translations completeness"],"fullName":"i18n translations completeness should have Japanese translation for key deleteFailed","status":"passed","title":"should have Japanese translation for key deleteFailed","duration":0.17930000000023938,"failureMessages":[],"meta":{},"tags":[]},{"ancestorTitles":["i18n translations completeness"],"fullName":"i18n translations completeness should have Japanese translation for key createFailed","status":"passed","title":"should have Japanese translation for key createFailed","duration":0.13799999999991996,"failureMessages":[],"meta":{},"tags":[]},{"ancestorTitles":["i18n translations completeness"],"fullName":"i18n translations completeness should have Japanese translation for key loadFailed","status":"passed","title":"should have Japanese translation for key loadFailed","duration":0.11839999999983775,"failureMessages":[],"meta":{},"tags":[]},{"ancestorTitles":["i18n translations completeness"],"fullName":"i18n translations completeness should have Japanese translation for key saveFailed","status":"passed","title":"should have Japanese translation for key saveFailed","duration":0.13430000000016662,"failureMessages":[],"meta":{},"tags":[]},{"ancestorTitles":["i18n translations completeness"],"fullName":"i18n translations completeness should have Japanese translation for key trash","status":"passed","title":"should have Japanese translation for key trash","duration":0.13189999999985957,"failureMessages":[],"meta":{},"tags":[]},{"ancestorTitles":["i18n translations completeness"],"fullName":"i18n translations completeness should have Japanese translation for key deletedProjects","status":"passed","title":"should have Japanese translation for key deletedProjects","duration":0.15449999999964348,"failureMessages":[],"meta":{},"tags":[]},{"ancestorTitles":["i18n translations completeness"],"fullName":"i18n translations completeness should have Japanese translation for key deletedItems","status":"passed","title":"should have Japanese translation for key deletedItems","duration":0.2375000000001819,"failureMessages":[],"meta":{},"tags":[]},{"ancestorTitles":["i18n translations completeness"],"fullName":"i18n translations completeness should have Japanese translation for key noDeleted","status":"passed","title":"should have Japanese translation for key noDeleted","duration":0.1309000000001106,"failureMessages":[],"meta":{},"tags":[]},{"ancestorTitles":["i18n translations completeness"],"fullName":"i18n translations completeness should have Japanese translation for key noDeletedItems","status":"passed","title":"should have Japanese translation for key noDeletedItems","duration":0.12789999999995416,"failureMessages":[],"meta":{},"tags":[]},{"ancestorTitles":["i18n translations completeness"],"fullName":"i18n translations completeness should have Japanese translation for key restore","status":"passed","title":"should have Japanese translation for key restore","duration":0.1069999999999709,"failureMessages":[],"meta":{},"tags":[]},{"ancestorTitles":["i18n translations completeness"],"fullName":"i18n translations completeness should have Japanese translation for key deletedLabel","status":"passed","title":"should have Japanese translation for key deletedLabel","duration":0.09230000000025029,"failureMessages":[],"meta":{},"tags":[]},{"ancestorTitles":["i18n translations completeness"],"fullName":"i18n translations completeness should have Japanese translation for key close","status":"passed","title":"should have Japanese translation for key close","duration":0.09259999999994761,"failureMessages":[],"meta":{},"tags":[]},{"ancestorTitles":["i18n translations completeness"],"fullName":"i18n translations completeness should have Japanese translation for key more","status":"passed","title":"should have Japanese translation for key more","duration":0.09329999999999927,"failureMessages":[],"meta":{},"tags":[]},{"ancestorTitles":["i18n translations completeness"],"fullName":"i18n translations completeness should have Japanese translation for key footerText","status":"passed","title":"should have Japanese translation for key footerText","duration":0.10940000000027794,"failureMessages":[],"meta":{},"tags":[]},{"ancestorTitles":["i18n translations completeness"],"fullName":"i18n translations completeness should have Japanese translation for key loadingProject","status":"passed","title":"should have Japanese translation for key loadingProject","duration":0.11360000000013315,"failureMessages":[],"meta":{},"tags":[]},{"ancestorTitles":["i18n translations completeness"],"fullName":"i18n translations completeness should have Japanese translation for key projectNotFound","status":"passed","title":"should have Japanese translation for key projectNotFound","duration":0.11879999999973734,"failureMessages":[],"meta":{},"tags":[]},{"ancestorTitles":["i18n translations completeness"],"fullName":"i18n translations completeness should have Japanese translation for key autoSaveFailed","status":"passed","title":"should have Japanese translation for key autoSaveFailed","duration":0.11819999999988795,"failureMessages":[],"meta":{},"tags":[]},{"ancestorTitles":["i18n translations completeness"],"fullName":"i18n translations completeness should have Japanese translation for key saveSnapshotFailed","status":"passed","title":"should have Japanese translation for key saveSnapshotFailed","duration":0.18349999999963984,"failureMessages":[],"meta":{},"tags":[]},{"ancestorTitles":["i18n translations completeness"],"fullName":"i18n translations completeness should have Japanese translation for key snapshotSavedToast","status":"passed","title":"should have Japanese translation for key snapshotSavedToast","duration":0.22100000000000364,"failureMessages":[],"meta":{},"tags":[]},{"ancestorTitles":["i18n translations completeness"],"fullName":"i18n translations completeness should have Japanese translation for key versionHiddenToast","status":"passed","title":"should have Japanese translation for key versionHiddenToast","duration":0.12989999999990687,"failureMessages":[],"meta":{},"tags":[]},{"ancestorTitles":["i18n translations completeness"],"fullName":"i18n translations completeness should have Japanese translation for key copyAllWithTags","status":"passed","title":"should have Japanese translation for key copyAllWithTags","duration":0.1332999999999629,"failureMessages":[],"meta":{},"tags":[]},{"ancestorTitles":["i18n translations completeness"],"fullName":"i18n translations completeness should have Japanese translation for key copyLyricsOnly","status":"passed","title":"should have Japanese translation for key copyLyricsOnly","duration":0.12600000000020373,"failureMessages":[],"meta":{},"tags":[]},{"ancestorTitles":["i18n translations completeness"],"fullName":"i18n translations completeness should have Japanese translation for key copyFailed","status":"passed","title":"should have Japanese translation for key copyFailed","duration":0.12400000000025102,"failureMessages":[],"meta":{},"tags":[]},{"ancestorTitles":["i18n translations completeness"],"fullName":"i18n translations completeness should have Japanese translation for key allLyrics","status":"passed","title":"should have Japanese translation for key allLyrics","duration":0.11110000000007858,"failureMessages":[],"meta":{},"tags":[]},{"ancestorTitles":["i18n translations completeness"],"fullName":"i18n translations completeness should have Japanese translation for key noSection","status":"passed","title":"should have Japanese translation for key noSection","duration":0.13970000000017535,"failureMessages":[],"meta":{},"tags":[]},{"ancestorTitles":["i18n translations completeness"],"fullName":"i18n translations completeness should have Japanese translation for key workingDraft","status":"passed","title":"should have Japanese translation for key workingDraft","duration":0.1368999999999687,"failureMessages":[],"meta":{},"tags":[]},{"ancestorTitles":["i18n translations completeness"],"fullName":"i18n translations completeness should have Japanese translation for key autosaved","status":"passed","title":"should have Japanese translation for key autosaved","duration":0.12229999999999563,"failureMessages":[],"meta":{},"tags":[]},{"ancestorTitles":["i18n translations completeness"],"fullName":"i18n translations completeness should have Japanese translation for key sections","status":"passed","title":"should have Japanese translation for key sections","duration":0.11799999999993815,"failureMessages":[],"meta":{},"tags":[]},{"ancestorTitles":["i18n translations completeness"],"fullName":"i18n translations completeness should have Japanese translation for key fullPreview","status":"passed","title":"should have Japanese translation for key fullPreview","duration":0.12370000000009895,"failureMessages":[],"meta":{},"tags":[]},{"ancestorTitles":["i18n translations completeness"],"fullName":"i18n translations completeness should have Japanese translation for key current","status":"passed","title":"should have Japanese translation for key current","duration":0.12299999999959255,"failureMessages":[],"meta":{},"tags":[]},{"ancestorTitles":["i18n translations completeness"],"fullName":"i18n translations completeness should have Japanese translation for key editing","status":"passed","title":"should have Japanese translation for key editing","duration":0.12330000000019936,"failureMessages":[],"meta":{},"tags":[]},{"ancestorTitles":["i18n translations completeness"],"fullName":"i18n translations completeness should have Japanese translation for key history","status":"passed","title":"should have Japanese translation for key history","duration":0.1910000000002583,"failureMessages":[],"meta":{},"tags":[]},{"ancestorTitles":["i18n translations completeness"],"fullName":"i18n translations completeness should have Japanese translation for key quickPanels","status":"passed","title":"should have Japanese translation for key quickPanels","duration":0.1374999999998181,"failureMessages":[],"meta":{},"tags":[]},{"ancestorTitles":["i18n translations completeness"],"fullName":"i18n translations completeness should have Japanese translation for key compareVersions","status":"passed","title":"should have Japanese translation for key compareVersions","duration":0.13599999999996726,"failureMessages":[],"meta":{},"tags":[]},{"ancestorTitles":["i18n translations completeness"],"fullName":"i18n translations completeness should have Japanese translation for key revisionNotes","status":"passed","title":"should have Japanese translation for key revisionNotes","duration":0.17030000000022483,"failureMessages":[],"meta":{},"tags":[]},{"ancestorTitles":["i18n translations completeness"],"fullName":"i18n translations completeness should have Japanese translation for key open","status":"passed","title":"should have Japanese translation for key open","duration":0.11900000000014188,"failureMessages":[],"meta":{},"tags":[]},{"ancestorTitles":["i18n translations completeness"],"fullName":"i18n translations completeness should have Japanese translation for key search","status":"passed","title":"should have Japanese translation for key search","duration":0.09720000000015716,"failureMessages":[],"meta":{},"tags":[]},{"ancestorTitles":["i18n translations completeness"],"fullName":"i18n translations completeness should have Japanese translation for key fragments","status":"passed","title":"should have Japanese translation for key fragments","duration":0.5309999999999491,"failureMessages":[],"meta":{},"tags":[]},{"ancestorTitles":["i18n translations completeness"],"fullName":"i18n translations completeness should have Japanese translation for key song","status":"passed","title":"should have Japanese translation for key song","duration":0.1916999999998552,"failureMessages":[],"meta":{},"tags":[]},{"ancestorTitles":["i18n translations completeness"],"fullName":"i18n translations completeness should have Japanese translation for key suggestedFragments","status":"passed","title":"should have Japanese translation for key suggestedFragments","duration":0.20779999999967913,"failureMessages":[],"meta":{},"tags":[]},{"ancestorTitles":["i18n translations completeness"],"fullName":"i18n translations completeness should have Japanese translation for key linkedArtifact","status":"passed","title":"should have Japanese translation for key linkedArtifact","duration":0.11959999999999127,"failureMessages":[],"meta":{},"tags":[]},{"ancestorTitles":["i18n translations completeness"],"fullName":"i18n translations completeness should have Japanese translation for key lyricVersions","status":"passed","title":"should have Japanese translation for key lyricVersions","duration":0.11080000000038126,"failureMessages":[],"meta":{},"tags":[]},{"ancestorTitles":["i18n translations completeness"],"fullName":"i18n translations completeness should have Japanese translation for key chars","status":"passed","title":"should have Japanese translation for key chars","duration":0.1291999999998552,"failureMessages":[],"meta":{},"tags":[]},{"ancestorTitles":["i18n translations completeness"],"fullName":"i18n translations completeness should have Japanese translation for key bpm","status":"passed","title":"should have Japanese translation for key bpm","duration":0.11799999999993815,"failureMessages":[],"meta":{},"tags":[]},{"ancestorTitles":["i18n translations completeness"],"fullName":"i18n translations completeness should have Japanese translation for key estimatedDuration","status":"passed","title":"should have Japanese translation for key estimatedDuration","duration":0.12019999999984066,"failureMessages":[],"meta":{},"tags":[]},{"ancestorTitles":["i18n translations completeness"],"fullName":"i18n translations completeness should have Japanese translation for key custom","status":"passed","title":"should have Japanese translation for key custom","duration":0.10259999999971114,"failureMessages":[],"meta":{},"tags":[]},{"ancestorTitles":["i18n translations completeness"],"fullName":"i18n translations completeness should have Japanese translation for key sec","status":"passed","title":"should have Japanese translation for key sec","duration":0.15779999999995198,"failureMessages":[],"meta":{},"tags":[]},{"ancestorTitles":["i18n translations completeness"],"fullName":"i18n translations completeness should have Japanese translation for key noSavedVersions","status":"passed","title":"should have Japanese translation for key noSavedVersions","duration":0.10140000000001237,"failureMessages":[],"meta":{},"tags":[]},{"ancestorTitles":["i18n translations completeness"],"fullName":"i18n translations completeness should have Japanese translation for key saveSnapshot","status":"passed","title":"should have Japanese translation for key saveSnapshot","duration":0.09069999999974243,"failureMessages":[],"meta":{},"tags":[]},{"ancestorTitles":["i18n translations completeness"],"fullName":"i18n translations completeness should have Japanese translation for key aiAssist","status":"passed","title":"should have Japanese translation for key aiAssist","duration":0.08580000000029031,"failureMessages":[],"meta":{},"tags":[]},{"ancestorTitles":["i18n translations completeness"],"fullName":"i18n translations completeness should have Japanese translation for key settings","status":"passed","title":"should have Japanese translation for key settings","duration":0.08190000000013242,"failureMessages":[],"meta":{},"tags":[]},{"ancestorTitles":["i18n translations completeness"],"fullName":"i18n translations completeness should have Japanese translation for key searchDraft","status":"passed","title":"should have Japanese translation for key searchDraft","duration":0.08080000000018117,"failureMessages":[],"meta":{},"tags":[]},{"ancestorTitles":["i18n translations completeness"],"fullName":"i18n translations complet
[...]
on is deleted","duration":1.6279999999997017,"failureMessages":[],"meta":{},"tags":[]}],"startTime":1783028848646,"endTime":1783028848683.628,"status":"passed","message":"","name":"C:/Users/ryo-n/Codex_dev/LyricLytic/src/test/useSectionActions.test.ts"},{"assertionResults":[{"ancestorTitles":["useSectionDragDrop","initial state"],"fullName":"useSectionDragDrop initial state should have null dragged section initially","status":"passed","title":"should have null dragged section initially","duration":26.103900000000067,"failureMessages":[],"meta":{},"tags":[]},{"ancestorTitles":["useSectionDragDrop","initial state"],"fullName":"useSectionDragDrop initial state should have null drag over section initially","status":"passed","title":"should have null drag over section initially","duration":2.337199999999939,"failureMessages":[],"meta":{},"tags":[]},{"ancestorTitles":["useSectionDragDrop","initial state"],"fullName":"useSectionDragDrop initial state should have null pointer position initially","status":"passed","title":"should have null pointer position initially","duration":2.261700000000019,"failureMessages":[],"meta":{},"tags":[]},{"ancestorTitles":["useSectionDragDrop","drag operations"],"fullName":"useSectionDragDrop drag operations should start drag on pointer down","status":"passed","title":"should start drag on pointer down","duration":2.6099999999996726,"failureMessages":[],"meta":{},"tags":[]},{"ancestorTitles":["useSectionDragDrop","drag operations"],"fullName":"useSectionDragDrop drag operations should clear drag state on drag end","status":"passed","title":"should clear drag state on drag end","duration":3.2843000000002576,"failureMessages":[],"meta":{},"tags":[]},{"ancestorTitles":["useSectionDragDrop","drag operations"],"fullName":"useSectionDragDrop drag operations should set drag over section","status":"passed","title":"should set drag over section","duration":3.1385999999997694,"failureMessages":[],"meta":{},"tags":[]},{"ancestorTitles":["useSectionDragDrop","drag operations"],"fullName":"useSectionDragDrop drag operations should start drag when pointer moves beyond threshold","status":"passed","title":"should start drag when pointer moves beyond threshold","duration":3.4738000000002103,"failureMessages":[],"meta":{},"tags":[]},{"ancestorTitles":["useSectionDragDrop","drag operations"],"fullName":"useSectionDragDrop drag operations should not start drag when pointer moves within threshold","status":"passed","title":"should not start drag when pointer moves within threshold","duration":1.4733000000001084,"failureMessages":[],"meta":{},"tags":[]},{"ancestorTitles":["useSectionDragDrop","drag operations"],"fullName":"useSectionDragDrop drag operations should update pointer position during drag","status":"passed","title":"should update pointer position during drag","duration":1.7312999999999192,"failureMessages":[],"meta":{},"tags":[]},{"ancestorTitles":["useSectionDragDrop","drag operations"],"fullName":"useSectionDragDrop drag operations should end drag on pointer up","status":"passed","title":"should end drag on pointer up","duration":2.2768999999998414,"failureMessages":[],"meta":{},"tags":[]},{"ancestorTitles":["useSectionDragDrop","reorder"],"fullName":"useSectionDragDrop reorder should not reorder when drag not activated","status":"passed","title":"should not reorder when drag not activated","duration":2.1942999999996573,"failureMessages":[],"meta":{},"tags":[]},{"ancestorTitles":["useSectionDragDrop","reorder"],"fullName":"useSectionDragDrop reorder should not reorder when source equals target","status":"passed","title":"should not reorder when source equals target","duration":1.2305999999998676,"failureMessages":[],"meta":{},"tags":[]},{"ancestorTitles":["useSectionDragDrop","reorder"],"fullName":"useSectionDragDrop reorder should reorder sections when commitReorder is called with valid drag","status":"passed","title":"should reorder sections when commitReorder is called with valid drag","duration":16.786000000000058,"failureMessages":[],"meta":{},"tags":[]},{"ancestorTitles":["useSectionDragDrop","reorder"],"fullName":"useSectionDragDrop reorder should update sortOrder after reorder","status":"passed","title":"should update sortOrder after reorder","duration":2.9704000000001543,"failureMessages":[],"meta":{},"tags":[]},{"ancestorTitles":["useSectionDragDrop","reorder"],"fullName":"useSectionDragDrop reorder should clear all state after commitReorder","status":"passed","title":"should clear all state after commitReorder","duration":2.0233000000002903,"failureMessages":[],"meta":{},"tags":[]},{"ancestorTitles":["useSectionDragDrop","reorder"],"fullName":"useSectionDragDrop reorder should not reorder when section id not found","status":"passed","title":"should not reorder when section id not found","duration":1.5241000000000895,"failureMessages":[],"meta":{},"tags":[]},{"ancestorTitles":["useSectionDragDrop","reorder"],"fullName":"useSectionDragDrop reorder should clear all state on drag end","status":"passed","title":"should clear all state on drag end","duration":1.6064000000001215,"failureMessages":[],"meta":{},"tags":[]},{"ancestorTitles":["useSectionDragDrop","cleanup"],"fullName":"useSectionDragDrop cleanup should remove event listeners on unmount","status":"passed","title":"should remove event listeners on unmount","duration":5.296900000000278,"failureMessages":[],"meta":{},"tags":[]}],"startTime":1783028848408,"endTime":1783028848491.2969,"status":"passed","message":"","name":"C:/Users/ryo-n/Codex_dev/LyricLytic/src/test/useSectionDragDrop.test.ts"},{"assertionResults":[{"ancestorTitles":["useSections","initial state"],"fullName":"useSections initial state should start with empty sections","status":"passed","title":"should start with empty sections","duration":19.239400000000387,"failureMessages":[],"meta":{},"tags":[]},{"ancestorTitles":["useSections","initial state"],"fullName":"useSections initial state should accept initial sections via resetFromData","status":"passed","title":"should accept initial sections via resetFromData","duration":4.662399999999707,"failureMessages":[],"meta":{},"tags":[]},{"ancestorTitles":["useSections","addSection"],"fullName":"useSections addSection should add a new section","status":"passed","title":"should add a new section","duration":3.5282999999999447,"failureMessages":[],"meta":{},"tags":[]},{"ancestorTitles":["useSections","addSection"],"fullName":"useSections addSection should generate unique names for duplicate types","status":"passed","title":"should generate unique names for duplicate types","duration":3.2026999999998225,"failureMessages":[],"meta":{},"tags":[]},{"ancestorTitles":["useSections","addSection"],"fullName":"useSections addSection should set new section as active","status":"passed","title":"should set new section as active","duration":2.6637000000000626,"failureMessages":[],"meta":{},"tags":[]},{"ancestorTitles":["useSections","addSection"],"fullName":"useSections addSection should add section with empty bodyText","status":"passed","title":"should add section with empty bodyText","duration":1.9668000000001484,"failureMessages":[],"meta":{},"tags":[]},{"ancestorTitles":["useSections","renameSection"],"fullName":"useSections renameSection should rename section displayName","status":"passed","title":"should rename section displayName","duration":2.294499999999971,"failureMessages":[],"meta":{},"tags":[]},{"ancestorTitles":["useSections","renameSection"],"fullName":"useSections renameSection should update type when renaming","status":"passed","title":"should update type when renaming","duration":3.2879000000002634,"failureMessages":[],"meta":{},"tags":[]},{"ancestorTitles":["useSections","renameSection"],"fullName":"useSections renameSection should not affect other sections","status":"passed","title":"should not affect other sections","duration":2.385399999999663,"failureMessages":[],"meta":{},"tags":[]},{"ancestorTitles":["useSections","deleteSection"],"fullName":"useSections deleteSection should remove section","status":"passed","title":"should remove section","duration":2.6381000000001222,"failureMessages":[],"meta":{},"tags":[]},{"ancestorTitles":["useSections","deleteSection"],"fullName":"useSections deleteSection should update active section when deleting active","status":"passed","title":"should update active section when deleting active","duration":2.0704000000000633,"failureMessages":[],"meta":{},"tags":[]},{"ancestorTitles":["useSections","deleteSection"],"fullName":"useSections deleteSection should set active to null when deleting last section","status":"passed","title":"should set active to null when deleting last section","duration":1.5834999999997308,"failureMessages":[],"meta":{},"tags":[]},{"ancestorTitles":["useSections","moveSection"],"fullName":"useSections moveSection should move section up","status":"passed","title":"should move section up","duration":1.5821999999998297,"failureMessages":[],"meta":{},"tags":[]},{"ancestorTitles":["useSections","moveSection"],"fullName":"useSections moveSection should move section down","status":"passed","title":"should move section down","duration":1.4562000000000808,"failureMessages":[],"meta":{},"tags":[]},{"ancestorTitles":["useSections","moveSection"],"fullName":"useSections moveSection should not move first section up","status":"passed","title":"should not move first section up","duration":1.6129000000000815,"failureMessages":[],"meta":{},"tags":[]},{"ancestorTitles":["useSections","moveSection"],"fullName":"useSections moveSection should not move last section down","status":"passed","title":"should not move last section down","duration":1.6424999999999272,"failureMessages":[],"meta":{},"tags":[]},{"ancestorTitles":["useSections","updateSectionBody"],"fullName":"useSections updateSectionBody should update body text","status":"passed","title":"should update body text","duration":1.6585000000000036,"failureMessages":[],"meta":{},"tags":[]},{"ancestorTitles":["useSections","updateSectionBody"],"fullName":"useSections updateSectionBody should preserve other properties","status":"passed","title":"should preserve other properties","duration":4.545900000000074,"failureMessages":[],"meta":{},"tags":[]},{"ancestorTitles":["useSections","insertText"],"fullName":"useSections insertText should insert text into active section","status":"passed","title":"should insert text into active section","duration":2.840599999999995,"failureMessages":[],"meta":{},"tags":[]},{"ancestorTitles":["useSections","insertText"],"fullName":"useSections insertText should append text with newline","status":"passed","title":"should append text with newline","duration":2.998399999999947,"failureMessages":[],"meta":{},"tags":[]},{"ancestorTitles":["useSections","insertText"],"fullName":"useSections insertText should not insert when no active section","status":"passed","title":"should not insert when no active section","duration":1.3789000000001579,"failureMessages":[],"meta":{},"tags":[]},{"ancestorTitles":["useSections","insertText"],"fullName":"useSections insertText should not insert when in all view","status":"passed","title":"should not insert when in all view","duration":1.2223000000003594,"failureMessages":[],"meta":{},"tags":[]},{"ancestorTitles":["useSections","setActiveSectionId"],"fullName":"useSections setActiveSectionId should set active section","status":"passed","title":"should set active section","duration":8.581000000000131,"failureMessages":[],"meta":{},"tags":[]},{"ancestorTitles":["useSections","setActiveSectionId"],"fullName":"useSections setActiveSectionId should set to null","status":"passed","title":"should set to null","duration":2.749699999999848,"failureMessages":[],"meta":{},"tags":[]},{"ancestorTitles":["useSections","isAllView"],"fullName":"useSections isAllView should be true when active is ALL_SECTIONS_ID","status":"passed","title":"should be true when active is ALL_SECTIONS_ID","duration":2.6878999999998996,"failureMessages":[],"meta":{},"tags":[]},{"ancestorTitles":["useSections","isAllView"],"fullName":"useSections isAllView should be false when active is a section","status":"passed","title":"should be false when active is a section","duration":1.7647999999999229,"failureMessages":[],"meta":{},"tags":[]},{"ancestorTitles":["useSections","queueAutoSave"],"fullName":"useSections queueAutoSave should be callable","status":"passed","title":"should be callable","duration":4.232199999999921,"failureMessages":[],"meta":{},"tags":[]},{"ancestorTitles":["useSections","queueAutoSave"],"fullName":"useSections queueAutoSave should call onSave after delay","status":"passed","title":"should call onSave after delay","duration":5.619900000000143,"failureMessages":[],"meta":{},"tags":[]},{"ancestorTitles":["useSections","queueAutoSave"],"fullName":"useSections queueAutoSave should clear existing timeout when called again","status":"passed","title":"should clear existing timeout when called again","duration":3.639599999999973,"failureMessages":[],"meta":{},"tags":[]},{"ancestorTitles":["useSections","resetFromData"],"fullName":"useSections resetFromData should replace all sections","status":"passed","title":"should replace all sections","duration":1.7801999999996951,"failureMessages":[],"meta":{},"tags":[]},{"ancestorTitles":["useSections","resetFromData"],"fullName":"useSections resetFromData should set active to ALL_SECTIONS_ID when data has sections","status":"passed","title":"should set active to ALL_SECTIONS_ID when data has sections","duration":18.92320000000018,"failureMessages":[],"meta":{},"tags":[]},{"ancestorTitles":["useSections","resetFromData"],"fullName":"useSections resetFromData should set active to null when data is empty","status":"passed","title":"should set active to null when data is empty","duration":16.373799999999846,"failureMessages":[],"meta":{},"tags":[]}],"startTime":1783028845834,"endTime":1783028845972.3738,"status":"passed","message":"","name":"C:/Users/ryo-n/Codex_dev/LyricLytic/src/test/useSections.test.ts"},{"assertionResults":[{"ancestorTitles":["useStyleVocal","initial state"],"fullName":"useStyleVocal initial state should have empty styleText","status":"passed","title":"should have empty styleText","duration":16.36920000000009,"failureMessages":[],"meta":{},"tags":[]},{"ancestorTitles":["useStyleVocal","initial state"],"fullName":"useStyleVocal initial state should have empty vocalText","status":"passed","title":"should have empty vocalText","duration":2.1206999999999425,"failureMessages":[],"meta":{},"tags":[]},{"ancestorTitles":["useStyleVocal","initial state"],"fullName":"useStyleVocal initial state should accept initial values","status":"passed","title":"should accept initial values","duration":1.9408000000003085,"failureMessages":[],"meta":{},"tags":[]},{"ancestorTitles":["useStyleVocal","setStyleText"],"fullName":"useStyleVocal setStyleText should update styleText","status":"passed","title":"should update styleText","duration":3.6608000000001084,"failureMessages":[],"meta":{},"tags":[]},{"ancestorTitles":["useStyleVocal","setVocalText"],"fullName":"useStyleVocal setVocalText should update vocalText","status":"passed","title":"should update vocalText","duration":2.3029999999998836,"failureMessages":[],"meta":{},"tags":[]},{"ancestorTitles":["useStyleVocal","reset"],"fullName":"useStyleVocal reset should reset both texts","status":"passed","title":"should reset both texts","duration":1.8587000000002263,"failureMessages":[],"meta":{},"tags":[]},{"ancestorTitles":["useStyleVocal","onChange callback"],"fullName":"useStyleVocal onChange callback should call onChange when styleText changes","status":"passed","title":"should call onChange when styleText changes","duration":3.9861000000000786,"failureMessages":[],"meta":{},"tags":[]},{"ancestorTitles":["useStyleVocal","onChange callback"],"fullName":"useStyleVocal onChange callback should call onChange when vocalText changes","status":"passed","title":"should call onChange when vocalText changes","duration":1.6411000000002787,"failureMessages":[],"meta":{},"tags":[]}],"startTime":1783028848663,"endTime":1783028848697.641,"status":"passed","message":"","name":"C:/Users/ryo-n/Codex_dev/LyricLytic/src/test/useStyleVocal.test.ts"},{"assertionResults":[{"ancestorTitles":["useUIState","dialogs"],"fullName":"useUIState dialogs should have all dialogs closed initially","status":"passed","title":"should have all dialogs closed initially","duration":20.40430000000015,"failureMessages":[],"meta":{},"tags":[]},{"ancestorTitles":["useUIState","dialogs"],"fullName":"useUIState dialogs should toggle delete dialog","status":"passed","title":"should toggle delete dialog","duration":4.718900000000303,"failureMessages":[],"meta":{},"tags":[]},{"ancestorTitles":["useUIState","dialogs"],"fullName":"useUIState dialogs should toggle diff viewer","status":"passed","title":"should toggle diff viewer","duration":2.991399999999885,"failureMessages":[],"meta":{},"tags":[]},{"ancestorTitles":["useUIState","dialogs"],"fullName":"useUIState dialogs should toggle export panel","status":"passed","title":"should toggle export panel","duration":3.1828999999997905,"failureMessages":[],"meta":{},"tags":[]},{"ancestorTitles":["useUIState","dialogs"],"fullName":"useUIState dialogs should toggle import dialog","status":"passed","title":"should toggle import dialog","duration":2.8399999999996908,"failureMessages":[],"meta":{},"tags":[]},{"ancestorTitles":["useUIState","dialogs"],"fullName":"useUIState dialogs should allow multiple dialogs open simultaneously","status":"passed","title":"should allow multiple dialogs open simultaneously","duration":2.168699999999717,"failureMessages":[],"meta":{},"tags":[]},{"ancestorTitles":["useUIState","toasts"],"fullName":"useUIState toasts should have all toasts hidden initially","status":"passed","title":"should have all toasts hidden initially","duration":2.008100000000013,"failureMessages":[],"meta":{},"tags":[]},{"ancestorTitles":["useUIState","toasts"],"fullName":"useUIState toasts should show save toast temporarily","status":"passed","title":"should show save toast temporarily","duration":2.927400000000034,"failureMessages":[],"meta":{},"tags":[]},{"ancestorTitles":["useUIState","toasts"],"fullName":"useUIState toasts should show hide toast temporarily","status":"passed","title":"should show hide toast temporarily","duration":2.422700000000077,"failureMessages":[],"meta":{},"tags":[]},{"ancestorTitles":["useUIState","toasts"],"fullName":"useUIState toasts should show all copy feedback temporarily","status":"passed","title":"should show all copy feedback temporarily","duration":5.608400000000074,"failureMessages":[],"meta":{},"tags":[]},{"ancestorTitles":["useUIState","toasts"],"fullName":"useUIState toasts should show lyrics only copy feedback temporarily","status":"passed","title":"should show lyrics only copy feedback temporarily","duration":1.919300000000021,"failureMessages":[],"meta":{},"tags":[]},{"ancestorTitles":["useUIState","toasts"],"fullName":"useUIState toasts should reset timer when showSaveToast called multiple times","status":"passed","title":"should reset timer when showSaveToast called multiple times","duration":2.5410000000001673,"failureMessages":[],"meta":{},"tags":[]},{"ancestorTitles":["useUIState","toasts"],"fullName":"useUIState toasts should reset timer when showAllCopyFeedback called multiple times","status":"passed","title":"should reset timer when showAllCopyFeedback called multiple times","duration":1.98050000000012,"failureMessages":[],"meta":{},"tags":[]},{"ancestorTitles":["useUIState","toasts"],"fullName":"useUIState toasts should allow multiple toasts visible simultaneously","status":"passed","title":"should allow multiple toasts visible simultaneously","duration":1.5118999999999687,"failureMessages":[],"meta":{},"tags":[]}],"startTime":1783028848435,"endTime":1783028848493.512,"status":"passed","message":"","name":"C:/Users/ryo-n/Codex_dev/LyricLytic/src/test/useUIState.test.ts"}]}